{"/home/joung/Desktop/yu-hao/noteflow-docker/NoteFlow/noteflow-backend/src/app.js":{"path":"/home/joung/Desktop/yu-hao/noteflow-docker/NoteFlow/noteflow-backend/src/app.js","statementMap":{"0":{"start":{"line":22,"column":12},"end":{"line":22,"column":21}},"1":{"start":{"line":24,"column":0},"end":{"line":26,"column":1}},"2":{"start":{"line":25,"column":2},"end":{"line":25,"column":51}},"3":{"start":{"line":28,"column":0},"end":{"line":28,"column":18}},"4":{"start":{"line":29,"column":0},"end":{"line":43,"column":2}},"5":{"start":{"line":45,"column":0},"end":{"line":45,"column":27}},"6":{"start":{"line":47,"column":0},"end":{"line":47,"column":19}},"7":{"start":{"line":48,"column":0},"end":{"line":48,"column":33}},"8":{"start":{"line":50,"column":15},"end":{"line":50,"column":48}},"9":{"start":{"line":52,"column":17},"end":{"line":52,"column":48}},"10":{"start":{"line":54,"column":0},"end":{"line":60,"column":3}},"11":{"start":{"line":55,"column":2},"end":{"line":58,"column":3}},"12":{"start":{"line":56,"column":21},"end":{"line":56,"column":37}},"13":{"start":{"line":57,"column":4},"end":{"line":57,"column":51}},"14":{"start":{"line":59,"column":2},"end":{"line":59,"column":15}},"15":{"start":{"line":62,"column":0},"end":{"line":62,"column":25}},"16":{"start":{"line":65,"column":0},"end":{"line":69,"column":3}},"17":{"start":{"line":66,"column":14},"end":{"line":66,"column":40}},"18":{"start":{"line":67,"column":16},"end":{"line":67,"column":35}},"19":{"start":{"line":68,"column":2},"end":{"line":68,"column":71}},"20":{"start":{"line":71,"column":15},"end":{"line":185,"column":4}},"21":{"start":{"line":73,"column":4},"end":{"line":96,"column":7}},"22":{"start":{"line":74,"column":6},"end":{"line":95,"column":7}},"23":{"start":{"line":75,"column":22},"end":{"line":75,"column":59}},"24":{"start":{"line":76,"column":8},"end":{"line":81,"column":10}},"25":{"start":{"line":82,"column":21},"end":{"line":82,"column":64}},"26":{"start":{"line":83,"column":22},"end":{"line":83,"column":50}},"27":{"start":{"line":85,"column":8},"end":{"line":92,"column":10}},"28":{"start":{"line":87,"column":40},"end":{"line":90,"column":13}},"29":{"start":{"line":94,"column":8},"end":{"line":94,"column":23}},"30":{"start":{"line":100,"column":26},"end":{"line":100,"column":42}},"31":{"start":{"line":101,"column":27},"end":{"line":101,"column":43}},"32":{"start":{"line":102,"column":24},"end":{"line":102,"column":43}},"33":{"start":{"line":105,"column":4},"end":{"line":127,"column":7}},"34":{"start":{"line":106,"column":6},"end":{"line":109,"column":7}},"35":{"start":{"line":107,"column":8},"end":{"line":107,"column":23}},"36":{"start":{"line":108,"column":8},"end":{"line":108,"column":15}},"37":{"start":{"line":111,"column":6},"end":{"line":113,"column":9}},"38":{"start":{"line":112,"column":8},"end":{"line":112,"column":25}},"39":{"start":{"line":116,"column":6},"end":{"line":126,"column":9}},"40":{"start":{"line":118,"column":22},"end":{"line":118,"column":59}},"41":{"start":{"line":119,"column":8},"end":{"line":125,"column":10}},"42":{"start":{"line":130,"column":4},"end":{"line":152,"column":7}},"43":{"start":{"line":131,"column":20},"end":{"line":131,"column":57}},"44":{"start":{"line":132,"column":23},"end":{"line":132,"column":28}},"45":{"start":{"line":133,"column":6},"end":{"line":151,"column":7}},"46":{"start":{"line":134,"column":8},"end":{"line":134,"column":43}},"47":{"start":{"line":134,"column":21},"end":{"line":134,"column":43}},"48":{"start":{"line":136,"column":8},"end":{"line":150,"column":17}},"49":{"start":{"line":137,"column":30},"end":{"line":137,"column":46}},"50":{"start":{"line":138,"column":29},"end":{"line":138,"column":75}},"51":{"start":{"line":139,"column":23},"end":{"line":139,"column":38}},"52":{"start":{"line":140,"column":10},"end":{"line":148,"column":12}},"53":{"start":{"line":149,"column":10},"end":{"line":149,"column":32}},"54":{"start":{"line":153,"column":19},"end":{"line":153,"column":46}},"55":{"start":{"line":154,"column":4},"end":{"line":154,"column":27}},"56":{"start":{"line":157,"column":4},"end":{"line":181,"column":7}},"57":{"start":{"line":158,"column":20},"end":{"line":158,"column":57}},"58":{"start":{"line":159,"column":23},"end":{"line":159,"column":28}},"59":{"start":{"line":160,"column":6},"end":{"line":180,"column":7}},"60":{"start":{"line":161,"column":8},"end":{"line":161,"column":43}},"61":{"start":{"line":161,"column":21},"end":{"line":161,"column":43}},"62":{"start":{"line":163,"column":8},"end":{"line":179,"column":17}},"63":{"start":{"line":164,"column":30},"end":{"line":164,"column":46}},"64":{"start":{"line":165,"column":29},"end":{"line":167,"column":41}},"65":{"start":{"line":168,"column":23},"end":{"line":168,"column":38}},"66":{"start":{"line":169,"column":10},"end":{"line":177,"column":12}},"67":{"start":{"line":178,"column":10},"end":{"line":178,"column":32}},"68":{"start":{"line":183,"column":19},"end":{"line":183,"column":46}},"69":{"start":{"line":184,"column":4},"end":{"line":184,"column":27}},"70":{"start":{"line":187,"column":0},"end":{"line":189,"column":3}},"71":{"start":{"line":188,"column":2},"end":{"line":188,"column":24}},"72":{"start":{"line":191,"column":0},"end":{"line":191,"column":20}},"73":{"start":{"line":193,"column":0},"end":{"line":193,"column":26}}},"fnMap":{"0":{"name":"(anonymous_0)","decl":{"start":{"line":54,"column":8},"end":{"line":54,"column":9}},"loc":{"start":{"line":54,"column":29},"end":{"line":60,"column":1}},"line":54},"1":{"name":"(anonymous_1)","decl":{"start":{"line":65,"column":8},"end":{"line":65,"column":9}},"loc":{"start":{"line":65,"column":23},"end":{"line":69,"column":1}},"line":65},"2":{"name":"(anonymous_2)","decl":{"start":{"line":72,"column":38},"end":{"line":72,"column":39}},"loc":{"start":{"line":72,"column":46},"end":{"line":97,"column":3}},"line":72},"3":{"name":"(anonymous_3)","decl":{"start":{"line":73,"column":21},"end":{"line":73,"column":22}},"loc":{"start":{"line":73,"column":40},"end":{"line":96,"column":5}},"line":73},"4":{"name":"(anonymous_4)","decl":{"start":{"line":87,"column":21},"end":{"line":87,"column":22}},"loc":{"start":{"line":87,"column":40},"end":{"line":90,"column":13}},"line":87},"5":{"name":"(anonymous_5)","decl":{"start":{"line":98,"column":30},"end":{"line":98,"column":31}},"loc":{"start":{"line":98,"column":38},"end":{"line":128,"column":3}},"line":98},"6":{"name":"(anonymous_6)","decl":{"start":{"line":105,"column":41},"end":{"line":105,"column":42}},"loc":{"start":{"line":105,"column":50},"end":{"line":127,"column":5}},"line":105},"7":{"name":"(anonymous_7)","decl":{"start":{"line":111,"column":34},"end":{"line":111,"column":35}},"loc":{"start":{"line":111,"column":50},"end":{"line":113,"column":7}},"line":111},"8":{"name":"(anonymous_8)","decl":{"start":{"line":116,"column":23},"end":{"line":116,"column":24}},"loc":{"start":{"line":116,"column":42},"end":{"line":126,"column":7}},"line":116},"9":{"name":"(anonymous_9)","decl":{"start":{"line":129,"column":20},"end":{"line":129,"column":21}},"loc":{"start":{"line":129,"column":28},"end":{"line":155,"column":3}},"line":129},"10":{"name":"(anonymous_10)","decl":{"start":{"line":130,"column":21},"end":{"line":130,"column":22}},"loc":{"start":{"line":130,"column":34},"end":{"line":152,"column":5}},"line":130},"11":{"name":"(anonymous_11)","decl":{"start":{"line":136,"column":29},"end":{"line":136,"column":30}},"loc":{"start":{"line":136,"column":35},"end":{"line":150,"column":9}},"line":136},"12":{"name":"(anonymous_12)","decl":{"start":{"line":156,"column":20},"end":{"line":156,"column":21}},"loc":{"start":{"line":156,"column":28},"end":{"line":185,"column":3}},"line":156},"13":{"name":"(anonymous_13)","decl":{"start":{"line":157,"column":21},"end":{"line":157,"column":22}},"loc":{"start":{"line":157,"column":34},"end":{"line":181,"column":5}},"line":157},"14":{"name":"(anonymous_14)","decl":{"start":{"line":163,"column":29},"end":{"line":163,"column":30}},"loc":{"start":{"line":163,"column":35},"end":{"line":179,"column":9}},"line":163},"15":{"name":"(anonymous_15)","decl":{"start":{"line":187,"column":26},"end":{"line":187,"column":27}},"loc":{"start":{"line":187,"column":39},"end":{"line":189,"column":1}},"line":187}},"branchMap":{"0":{"loc":{"start":{"line":24,"column":0},"end":{"line":26,"column":1}},"type":"if","locations":[{"start":{"line":24,"column":0},"end":{"line":26,"column":1}},{"start":{"line":24,"column":0},"end":{"line":26,"column":1}}],"line":24},"1":{"loc":{"start":{"line":55,"column":2},"end":{"line":58,"column":3}},"type":"if","locations":[{"start":{"line":55,"column":2},"end":{"line":58,"column":3}},{"start":{"line":55,"column":2},"end":{"line":58,"column":3}}],"line":55},"2":{"loc":{"start":{"line":57,"column":18},"end":{"line":57,"column":50}},"type":"cond-expr","locations":[{"start":{"line":57,"column":25},"end":{"line":57,"column":36}},{"start":{"line":57,"column":39},"end":{"line":57,"column":50}}],"line":57},"3":{"loc":{"start":{"line":106,"column":6},"end":{"line":109,"column":7}},"type":"if","locations":[{"start":{"line":106,"column":6},"end":{"line":109,"column":7}},{"start":{"line":106,"column":6},"end":{"line":109,"column":7}}],"line":106},"4":{"loc":{"start":{"line":133,"column":6},"end":{"line":151,"column":7}},"type":"if","locations":[{"start":{"line":133,"column":6},"end":{"line":151,"column":7}},{"start":{"line":133,"column":6},"end":{"line":151,"column":7}}],"line":133},"5":{"loc":{"start":{"line":134,"column":8},"end":{"line":134,"column":43}},"type":"if","locations":[{"start":{"line":134,"column":8},"end":{"line":134,"column":43}},{"start":{"line":134,"column":8},"end":{"line":134,"column":43}}],"line":134},"6":{"loc":{"start":{"line":160,"column":6},"end":{"line":180,"column":7}},"type":"if","locations":[{"start":{"line":160,"column":6},"end":{"line":180,"column":7}},{"start":{"line":160,"column":6},"end":{"line":180,"column":7}}],"line":160},"7":{"loc":{"start":{"line":161,"column":8},"end":{"line":161,"column":43}},"type":"if","locations":[{"start":{"line":161,"column":8},"end":{"line":161,"column":43}},{"start":{"line":161,"column":8},"end":{"line":161,"column":43}}],"line":161}},"s":{"0":0,"1":0,"2":0,"3":0,"4":0,"5":0,"6":0,"7":0,"8":0,"9":0,"10":0,"11":0,"12":0,"13":0,"14":0,"15":0,"16":0,"17":0,"18":0,"19":0,"20":0,"21":0,"22":0,"23":0,"24":0,"25":0,"26":0,"27":0,"28":0,"29":0,"30":0,"31":0,"32":0,"33":0,"34":0,"35":0,"36":0,"37":0,"38":0,"39":0,"40":0,"41":0,"42":0,"43":0,"44":0,"45":0,"46":0,"47":0,"48":0,"49":0,"50":0,"51":0,"52":0,"53":0,"54":0,"55":0,"56":0,"57":0,"58":0,"59":0,"60":0,"61":0,"62":0,"63":0,"64":0,"65":0,"66":0,"67":0,"68":0,"69":0,"70":0,"71":0,"72":0,"73":0},"f":{"0":0,"1":0,"2":0,"3":0,"4":0,"5":0,"6":0,"7":0,"8":0,"9":0,"10":0,"11":0,"12":0,"13":0,"14":0,"15":0},"b":{"0":[0,0],"1":[0,0],"2":[0,0],"3":[0,0],"4":[0,0],"5":[0,0],"6":[0,0],"7":[0,0]},"all":true},"/home/joung/Desktop/yu-hao/noteflow-docker/NoteFlow/noteflow-backend/src/controller/flowServices/createFlow.js":{"path":"/home/joung/Desktop/yu-hao/noteflow-docker/NoteFlow/noteflow-backend/src/controller/flowServices/createFlow.js","statementMap":{"0":{"start":{"line":4,"column":19},"end":{"line":17,"column":1}},"1":{"start":{"line":5,"column":16},"end":{"line":5,"column":33}},"2":{"start":{"line":7,"column":2},"end":{"line":16,"column":3}},"3":{"start":{"line":8,"column":19},"end":{"line":8,"column":51}},"4":{"start":{"line":9,"column":17},"end":{"line":9,"column":44}},"5":{"start":{"line":10,"column":4},"end":{"line":10,"column":24}},"6":{"start":{"line":11,"column":4},"end":{"line":11,"column":22}},"7":{"start":{"line":12,"column":4},"end":{"line":12,"column":30}},"8":{"start":{"line":15,"column":4},"end":{"line":15,"column":56}}},"fnMap":{"0":{"name":"(anonymous_0)","decl":{"start":{"line":4,"column":19},"end":{"line":4,"column":20}},"loc":{"start":{"line":4,"column":34},"end":{"line":17,"column":1}},"line":4}},"branchMap":{},"s":{"0":0,"1":0,"2":0,"3":0,"4":0,"5":0,"6":0,"7":0,"8":0},"f":{"0":0},"b":{},"all":true},"/home/joung/Desktop/yu-hao/noteflow-docker/NoteFlow/noteflow-backend/src/controller/flowServices/deleteFlow.js":{"path":"/home/joung/Desktop/yu-hao/noteflow-docker/NoteFlow/noteflow-backend/src/controller/flowServices/deleteFlow.js","statementMap":{"0":{"start":{"line":4,"column":19},"end":{"line":21,"column":1}},"1":{"start":{"line":5,"column":21},"end":{"line":5,"column":37}},"2":{"start":{"line":7,"column":2},"end":{"line":11,"column":4}},"3":{"start":{"line":13,"column":2},"end":{"line":20,"column":3}},"4":{"start":{"line":14,"column":4},"end":{"line":14,"column":34}},"5":{"start":{"line":15,"column":4},"end":{"line":15,"column":22}},"6":{"start":{"line":16,"column":4},"end":{"line":16,"column":30}},"7":{"start":{"line":19,"column":4},"end":{"line":19,"column":56}}},"fnMap":{"0":{"name":"(anonymous_0)","decl":{"start":{"line":4,"column":19},"end":{"line":4,"column":20}},"loc":{"start":{"line":4,"column":34},"end":{"line":21,"column":1}},"line":4}},"branchMap":{},"s":{"0":0,"1":0,"2":0,"3":0,"4":0,"5":0,"6":0,"7":0},"f":{"0":0},"b":{},"all":true},"/home/joung/Desktop/yu-hao/noteflow-docker/NoteFlow/noteflow-backend/src/controller/flowServices/getColabList.js":{"path":"/home/joung/Desktop/yu-hao/noteflow-docker/NoteFlow/noteflow-backend/src/controller/flowServices/getColabList.js","statementMap":{"0":{"start":{"line":3,"column":21},"end":{"line":11,"column":1}},"1":{"start":{"line":4,"column":17},"end":{"line":4,"column":26}},"2":{"start":{"line":5,"column":2},"end":{"line":7,"column":3}},"3":{"start":{"line":6,"column":4},"end":{"line":6,"column":70}},"4":{"start":{"line":9,"column":2},"end":{"line":9,"column":40}},"5":{"start":{"line":10,"column":2},"end":{"line":10,"column":28}}},"fnMap":{"0":{"name":"(anonymous_0)","decl":{"start":{"line":3,"column":21},"end":{"line":3,"column":22}},"loc":{"start":{"line":3,"column":36},"end":{"line":11,"column":1}},"line":3}},"branchMap":{"0":{"loc":{"start":{"line":5,"column":2},"end":{"line":7,"column":3}},"type":"if","locations":[{"start":{"line":5,"column":2},"end":{"line":7,"column":3}},{"start":{"line":5,"column":2},"end":{"line":7,"column":3}}],"line":5}},"s":{"0":0,"1":0,"2":0,"3":0,"4":0,"5":0},"f":{"0":0},"b":{"0":[0,0]},"all":true},"/home/joung/Desktop/yu-hao/noteflow-docker/NoteFlow/noteflow-backend/src/controller/flowServices/getFlows.js":{"path":"/home/joung/Desktop/yu-hao/noteflow-docker/NoteFlow/noteflow-backend/src/controller/flowServices/getFlows.js","statementMap":{"0":{"start":{"line":5,"column":17},"end":{"line":20,"column":1}},"1":{"start":{"line":7,"column":19},"end":{"line":7,"column":36}},"2":{"start":{"line":8,"column":16},"end":{"line":8,"column":47}},"3":{"start":{"line":9,"column":2},"end":{"line":19,"column":3}},"4":{"start":{"line":10,"column":4},"end":{"line":10,"column":32}},"5":{"start":{"line":11,"column":19},"end":{"line":11,"column":73}},"6":{"start":{"line":13,"column":4},"end":{"line":13,"column":30}},"7":{"start":{"line":14,"column":4},"end":{"line":14,"column":38}},"8":{"start":{"line":18,"column":4},"end":{"line":18,"column":56}}},"fnMap":{"0":{"name":"(anonymous_0)","decl":{"start":{"line":5,"column":17},"end":{"line":5,"column":18}},"loc":{"start":{"line":5,"column":32},"end":{"line":20,"column":1}},"line":5}},"branchMap":{},"s":{"0":0,"1":0,"2":0,"3":0,"4":0,"5":0,"6":0,"7":0,"8":0},"f":{"0":0},"b":{},"all":true},"/home/joung/Desktop/yu-hao/noteflow-docker/NoteFlow/noteflow-backend/src/controller/flowServices/getFlowTitle.js":{"path":"/home/joung/Desktop/yu-hao/noteflow-docker/NoteFlow/noteflow-backend/src/controller/flowServices/getFlowTitle.js","statementMap":{"0":{"start":{"line":4,"column":21},"end":{"line":15,"column":1}},"1":{"start":{"line":5,"column":17},"end":{"line":5,"column":26}},"2":{"start":{"line":8,"column":2},"end":{"line":14,"column":3}},"3":{"start":{"line":9,"column":4},"end":{"line":9,"column":40}},"4":{"start":{"line":10,"column":4},"end":{"line":10,"column":30}},"5":{"start":{"line":11,"column":4},"end":{"line":11,"column":40}},"6":{"start":{"line":13,"column":4},"end":{"line":13,"column":60}}},"fnMap":{"0":{"name":"(anonymous_0)","decl":{"start":{"line":4,"column":21},"end":{"line":4,"column":22}},"loc":{"start":{"line":4,"column":36},"end":{"line":15,"column":1}},"line":4}},"branchMap":{},"s":{"0":0,"1":0,"2":0,"3":0,"4":0,"5":0,"6":0},"f":{"0":0},"b":{},"all":true},"/home/joung/Desktop/yu-hao/noteflow-docker/NoteFlow/noteflow-backend/src/controller/flowServices/getNodeTitle.js":{"path":"/home/joung/Desktop/yu-hao/noteflow-docker/NoteFlow/noteflow-backend/src/controller/flowServices/getNodeTitle.js","statementMap":{"0":{"start":{"line":4,"column":21},"end":{"line":15,"column":1}},"1":{"start":{"line":5,"column":17},"end":{"line":5,"column":26}},"2":{"start":{"line":8,"column":2},"end":{"line":14,"column":3}},"3":{"start":{"line":9,"column":4},"end":{"line":9,"column":43}},"4":{"start":{"line":10,"column":4},"end":{"line":10,"column":30}},"5":{"start":{"line":11,"column":4},"end":{"line":11,"column":40}},"6":{"start":{"line":13,"column":4},"end":{"line":13,"column":60}}},"fnMap":{"0":{"name":"(anonymous_0)","decl":{"start":{"line":4,"column":21},"end":{"line":4,"column":22}},"loc":{"start":{"line":4,"column":36},"end":{"line":15,"column":1}},"line":4}},"branchMap":{},"s":{"0":0,"1":0,"2":0,"3":0,"4":0,"5":0,"6":0},"f":{"0":0},"b":{},"all":true},"/home/joung/Desktop/yu-hao/noteflow-docker/NoteFlow/noteflow-backend/src/controller/flowServices/index.js":{"path":"/home/joung/Desktop/yu-hao/noteflow-docker/NoteFlow/noteflow-backend/src/controller/flowServices/index.js","statementMap":{"0":{"start":{"line":13,"column":13},"end":{"line":25,"column":1}}},"fnMap":{},"branchMap":{},"s":{"0":0},"f":{},"b":{},"all":true},"/home/joung/Desktop/yu-hao/noteflow-docker/NoteFlow/noteflow-backend/src/controller/flowServices/newNode.js":{"path":"/home/joung/Desktop/yu-hao/noteflow-docker/NoteFlow/noteflow-backend/src/controller/flowServices/newNode.js","statementMap":{"0":{"start":{"line":4,"column":16},"end":{"line":16,"column":1}},"1":{"start":{"line":5,"column":19},"end":{"line":5,"column":50}},"2":{"start":{"line":7,"column":2},"end":{"line":15,"column":3}},"3":{"start":{"line":8,"column":19},"end":{"line":8,"column":43}},"4":{"start":{"line":10,"column":4},"end":{"line":10,"column":26}},"5":{"start":{"line":11,"column":4},"end":{"line":11,"column":30}},"6":{"start":{"line":14,"column":4},"end":{"line":14,"column":56}}},"fnMap":{"0":{"name":"(anonymous_0)","decl":{"start":{"line":4,"column":16},"end":{"line":4,"column":17}},"loc":{"start":{"line":4,"column":31},"end":{"line":16,"column":1}},"line":4}},"branchMap":{},"s":{"0":0,"1":0,"2":0,"3":0,"4":0,"5":0,"6":0},"f":{"0":0},"b":{},"all":true},"/home/joung/Desktop/yu-hao/noteflow-docker/NoteFlow/noteflow-backend/src/controller/flowServices/reviseColabList.js":{"path":"/home/joung/Desktop/yu-hao/noteflow-docker/NoteFlow/noteflow-backend/src/controller/flowServices/reviseColabList.js","statementMap":{"0":{"start":{"line":6,"column":24},"end":{"line":68,"column":1}},"1":{"start":{"line":7,"column":25},"end":{"line":7,"column":41}},"2":{"start":{"line":8,"column":2},"end":{"line":10,"column":3}},"3":{"start":{"line":9,"column":4},"end":{"line":9,"column":70}},"4":{"start":{"line":12,"column":15},"end":{"line":12,"column":44}},"5":{"start":{"line":14,"column":2},"end":{"line":16,"column":3}},"6":{"start":{"line":15,"column":4},"end":{"line":15,"column":45}},"7":{"start":{"line":17,"column":16},"end":{"line":17,"column":18}},"8":{"start":{"line":18,"column":18},"end":{"line":18,"column":20}},"9":{"start":{"line":19,"column":2},"end":{"line":67,"column":3}},"10":{"start":{"line":20,"column":4},"end":{"line":55,"column":5}},"11":{"start":{"line":20,"column":21},"end":{"line":20,"column":22}},"12":{"start":{"line":21,"column":19},"end":{"line":21,"column":32}},"13":{"start":{"line":22,"column":6},"end":{"line":54,"column":7}},"14":{"start":{"line":24,"column":23},"end":{"line":24,"column":77}},"15":{"start":{"line":25,"column":8},"end":{"line":35,"column":9}},"16":{"start":{"line":27,"column":10},"end":{"line":27,"column":46}},"17":{"start":{"line":28,"column":10},"end":{"line":28,"column":33}},"18":{"start":{"line":29,"column":10},"end":{"line":31,"column":11}},"19":{"start":{"line":30,"column":12},"end":{"line":30,"column":63}},"20":{"start":{"line":34,"column":10},"end":{"line":34,"column":48}},"21":{"start":{"line":36,"column":13},"end":{"line":54,"column":7}},"22":{"start":{"line":37,"column":8},"end":{"line":53,"column":9}},"23":{"start":{"line":39,"column":10},"end":{"line":39,"column":51}},"24":{"start":{"line":41,"column":25},"end":{"line":41,"column":79}},"25":{"start":{"line":42,"column":10},"end":{"line":52,"column":11}},"26":{"start":{"line":44,"column":12},"end":{"line":44,"column":48}},"27":{"start":{"line":45,"column":12},"end":{"line":45,"column":37}},"28":{"start":{"line":46,"column":12},"end":{"line":48,"column":13}},"29":{"start":{"line":47,"column":14},"end":{"line":47,"column":70}},"30":{"start":{"line":51,"column":12},"end":{"line":51,"column":50}},"31":{"start":{"line":57,"column":4},"end":{"line":61,"column":5}},"32":{"start":{"line":58,"column":6},"end":{"line":58,"column":51}},"33":{"start":{"line":60,"column":6},"end":{"line":60,"column":55}},"34":{"start":{"line":63,"column":4},"end":{"line":63,"column":30}},"35":{"start":{"line":64,"column":4},"end":{"line":64,"column":38}},"36":{"start":{"line":66,"column":4},"end":{"line":66,"column":56}}},"fnMap":{"0":{"name":"(anonymous_0)","decl":{"start":{"line":6,"column":24},"end":{"line":6,"column":25}},"loc":{"start":{"line":6,"column":39},"end":{"line":68,"column":1}},"line":6}},"branchMap":{"0":{"loc":{"start":{"line":8,"column":2},"end":{"line":10,"column":3}},"type":"if","locations":[{"start":{"line":8,"column":2},"end":{"line":10,"column":3}},{"start":{"line":8,"column":2},"end":{"line":10,"column":3}}],"line":8},"1":{"loc":{"start":{"line":8,"column":6},"end":{"line":8,"column":20}},"type":"binary-expr","locations":[{"start":{"line":8,"column":6},"end":{"line":8,"column":9}},{"start":{"line":8,"column":13},"end":{"line":8,"column":20}}],"line":8},"2":{"loc":{"start":{"line":14,"column":2},"end":{"line":16,"column":3}},"type":"if","locations":[{"start":{"line":14,"column":2},"end":{"line":16,"column":3}},{"start":{"line":14,"column":2},"end":{"line":16,"column":3}}],"line":14},"3":{"loc":{"start":{"line":22,"column":6},"end":{"line":54,"column":7}},"type":"if","locations":[{"start":{"line":22,"column":6},"end":{"line":54,"column":7}},{"start":{"line":22,"column":6},"end":{"line":54,"column":7}}],"line":22},"4":{"loc":{"start":{"line":25,"column":8},"end":{"line":35,"column":9}},"type":"if","locations":[{"start":{"line":25,"column":8},"end":{"line":35,"column":9}},{"start":{"line":25,"column":8},"end":{"line":35,"column":9}}],"line":25},"5":{"loc":{"start":{"line":29,"column":10},"end":{"line":31,"column":11}},"type":"if","locations":[{"start":{"line":29,"column":10},"end":{"line":31,"column":11}},{"start":{"line":29,"column":10},"end":{"line":31,"column":11}}],"line":29},"6":{"loc":{"start":{"line":36,"column":13},"end":{"line":54,"column":7}},"type":"if","locations":[{"start":{"line":36,"column":13},"end":{"line":54,"column":7}},{"start":{"line":36,"column":13},"end":{"line":54,"column":7}}],"line":36},"7":{"loc":{"start":{"line":37,"column":8},"end":{"line":53,"column":9}},"type":"if","locations":[{"start":{"line":37,"column":8},"end":{"line":53,"column":9}},{"start":{"line":37,"column":8},"end":{"line":53,"column":9}}],"line":37},"8":{"loc":{"start":{"line":42,"column":10},"end":{"line":52,"column":11}},"type":"if","locations":[{"start":{"line":42,"column":10},"end":{"line":52,"column":11}},{"start":{"line":42,"column":10},"end":{"line":52,"column":11}}],"line":42},"9":{"loc":{"start":{"line":46,"column":12},"end":{"line":48,"column":13}},"type":"if","locations":[{"start":{"line":46,"column":12},"end":{"line":48,"column":13}},{"start":{"line":46,"column":12},"end":{"line":48,"column":13}}],"line":46},"10":{"loc":{"start":{"line":57,"column":4},"end":{"line":61,"column":5}},"type":"if","locations":[{"start":{"line":57,"column":4},"end":{"line":61,"column":5}},{"start":{"line":57,"column":4},"end":{"line":61,"column":5}}],"line":57}},"s":{"0":0,"1":0,"2":0,"3":0,"4":0,"5":0,"6":0,"7":0,"8":0,"9":0,"10":0,"11":0,"12":0,"13":0,"14":0,"15":0,"16":0,"17":0,"18":0,"19":0,"20":0,"21":0,"22":0,"23":0,"24":0,"25":0,"26":0,"27":0,"28":0,"29":0,"30":0,"31":0,"32":0,"33":0,"34":0,"35":0,"36":0},"f":{"0":0},"b":{"0":[0,0],"1":[0,0],"2":[0,0],"3":[0,0],"4":[0,0],"5":[0,0],"6":[0,0],"7":[0,0],"8":[0,0],"9":[0,0],"10":[0,0]},"all":true},"/home/joung/Desktop/yu-hao/noteflow-docker/NoteFlow/noteflow-backend/src/controller/flowServices/setFlowTitle.js":{"path":"/home/joung/Desktop/yu-hao/noteflow-docker/NoteFlow/noteflow-backend/src/controller/flowServices/setFlowTitle.js","statementMap":{"0":{"start":{"line":4,"column":21},"end":{"line":15,"column":1}},"1":{"start":{"line":5,"column":24},"end":{"line":5,"column":40}},"2":{"start":{"line":7,"column":2},"end":{"line":14,"column":3}},"3":{"start":{"line":8,"column":19},"end":{"line":8,"column":50}},"4":{"start":{"line":10,"column":4},"end":{"line":10,"column":30}},"5":{"start":{"line":11,"column":4},"end":{"line":11,"column":38}},"6":{"start":{"line":13,"column":4},"end":{"line":13,"column":60}}},"fnMap":{"0":{"name":"(anonymous_0)","decl":{"start":{"line":4,"column":21},"end":{"line":4,"column":22}},"loc":{"start":{"line":4,"column":36},"end":{"line":15,"column":1}},"line":4}},"branchMap":{},"s":{"0":0,"1":0,"2":0,"3":0,"4":0,"5":0,"6":0},"f":{"0":0},"b":{},"all":true},"/home/joung/Desktop/yu-hao/noteflow-docker/NoteFlow/noteflow-backend/src/controller/flowServices/setNodeTitle.js":{"path":"/home/joung/Desktop/yu-hao/noteflow-docker/NoteFlow/noteflow-backend/src/controller/flowServices/setNodeTitle.js","statementMap":{"0":{"start":{"line":4,"column":21},"end":{"line":15,"column":1}},"1":{"start":{"line":5,"column":24},"end":{"line":5,"column":40}},"2":{"start":{"line":7,"column":2},"end":{"line":14,"column":3}},"3":{"start":{"line":8,"column":19},"end":{"line":8,"column":53}},"4":{"start":{"line":10,"column":4},"end":{"line":10,"column":30}},"5":{"start":{"line":11,"column":4},"end":{"line":11,"column":38}},"6":{"start":{"line":13,"column":4},"end":{"line":13,"column":60}}},"fnMap":{"0":{"name":"(anonymous_0)","decl":{"start":{"line":4,"column":21},"end":{"line":4,"column":22}},"loc":{"start":{"line":4,"column":36},"end":{"line":15,"column":1}},"line":4}},"branchMap":{},"s":{"0":0,"1":0,"2":0,"3":0,"4":0,"5":0,"6":0},"f":{"0":0},"b":{},"all":true},"/home/joung/Desktop/yu-hao/noteflow-docker/NoteFlow/noteflow-backend/src/controller/index.js":{"path":"/home/joung/Desktop/yu-hao/noteflow-docker/NoteFlow/noteflow-backend/src/controller/index.js","statementMap":{},"fnMap":{},"branchMap":{},"s":{},"f":{},"b":{},"all":true},"/home/joung/Desktop/yu-hao/noteflow-docker/NoteFlow/noteflow-backend/src/controller/nodeServices/addNodeToLibrary.js":{"path":"/home/joung/Desktop/yu-hao/noteflow-docker/NoteFlow/noteflow-backend/src/controller/nodeServices/addNodeToLibrary.js","statementMap":{"0":{"start":{"line":4,"column":25},"end":{"line":17,"column":1}},"1":{"start":{"line":5,"column":17},"end":{"line":5,"column":33}},"2":{"start":{"line":7,"column":2},"end":{"line":9,"column":3}},"3":{"start":{"line":8,"column":4},"end":{"line":8,"column":33}},"4":{"start":{"line":11,"column":2},"end":{"line":16,"column":3}},"5":{"start":{"line":12,"column":4},"end":{"line":12,"column":49}},"6":{"start":{"line":13,"column":4},"end":{"line":13,"column":30}},"7":{"start":{"line":15,"column":4},"end":{"line":15,"column":35}}},"fnMap":{"0":{"name":"(anonymous_0)","decl":{"start":{"line":4,"column":25},"end":{"line":4,"column":26}},"loc":{"start":{"line":4,"column":40},"end":{"line":17,"column":1}},"line":4}},"branchMap":{"0":{"loc":{"start":{"line":7,"column":2},"end":{"line":9,"column":3}},"type":"if","locations":[{"start":{"line":7,"column":2},"end":{"line":9,"column":3}},{"start":{"line":7,"column":2},"end":{"line":9,"column":3}}],"line":7}},"s":{"0":0,"1":0,"2":0,"3":0,"4":0,"5":0,"6":0,"7":0},"f":{"0":0},"b":{"0":[0,0]},"all":true},"/home/joung/Desktop/yu-hao/noteflow-docker/NoteFlow/noteflow-backend/src/controller/nodeServices/getLibrary.js":{"path":"/home/joung/Desktop/yu-hao/noteflow-docker/NoteFlow/noteflow-backend/src/controller/nodeServices/getLibrary.js","statementMap":{"0":{"start":{"line":4,"column":19},"end":{"line":14,"column":1}},"1":{"start":{"line":5,"column":2},"end":{"line":13,"column":3}},"2":{"start":{"line":6,"column":18},"end":{"line":6,"column":61}},"3":{"start":{"line":7,"column":4},"end":{"line":7,"column":30}},"4":{"start":{"line":8,"column":4},"end":{"line":8,"column":37}},"5":{"start":{"line":11,"column":4},"end":{"line":11,"column":37}},"6":{"start":{"line":12,"column":4},"end":{"line":12,"column":35}}},"fnMap":{"0":{"name":"(anonymous_0)","decl":{"start":{"line":4,"column":19},"end":{"line":4,"column":20}},"loc":{"start":{"line":4,"column":34},"end":{"line":14,"column":1}},"line":4}},"branchMap":{},"s":{"0":0,"1":0,"2":0,"3":0,"4":0,"5":0,"6":0},"f":{"0":0},"b":{},"all":true},"/home/joung/Desktop/yu-hao/noteflow-docker/NoteFlow/noteflow-backend/src/controller/nodeServices/index.js":{"path":"/home/joung/Desktop/yu-hao/noteflow-docker/NoteFlow/noteflow-backend/src/controller/nodeServices/index.js","statementMap":{"0":{"start":{"line":6,"column":13},"end":{"line":11,"column":1}}},"fnMap":{},"branchMap":{},"s":{"0":0},"f":{},"b":{},"all":true},"/home/joung/Desktop/yu-hao/noteflow-docker/NoteFlow/noteflow-backend/src/controller/nodeServices/isFavorite.js":{"path":"/home/joung/Desktop/yu-hao/noteflow-docker/NoteFlow/noteflow-backend/src/controller/nodeServices/isFavorite.js","statementMap":{"0":{"start":{"line":4,"column":19},"end":{"line":17,"column":1}},"1":{"start":{"line":5,"column":17},"end":{"line":5,"column":26}},"2":{"start":{"line":6,"column":2},"end":{"line":8,"column":3}},"3":{"start":{"line":7,"column":4},"end":{"line":7,"column":33}},"4":{"start":{"line":10,"column":2},"end":{"line":16,"column":3}},"5":{"start":{"line":11,"column":18},"end":{"line":11,"column":65}},"6":{"start":{"line":12,"column":4},"end":{"line":12,"column":30}},"7":{"start":{"line":13,"column":4},"end":{"line":13,"column":37}},"8":{"start":{"line":15,"column":4},"end":{"line":15,"column":35}}},"fnMap":{"0":{"name":"(anonymous_0)","decl":{"start":{"line":4,"column":19},"end":{"line":4,"column":20}},"loc":{"start":{"line":4,"column":34},"end":{"line":17,"column":1}},"line":4}},"branchMap":{"0":{"loc":{"start":{"line":6,"column":2},"end":{"line":8,"column":3}},"type":"if","locations":[{"start":{"line":6,"column":2},"end":{"line":8,"column":3}},{"start":{"line":6,"column":2},"end":{"line":8,"column":3}}],"line":6}},"s":{"0":0,"1":0,"2":0,"3":0,"4":0,"5":0,"6":0,"7":0,"8":0},"f":{"0":0},"b":{"0":[0,0]},"all":true},"/home/joung/Desktop/yu-hao/noteflow-docker/NoteFlow/noteflow-backend/src/controller/nodeServices/removeNodeFromLibrary.js":{"path":"/home/joung/Desktop/yu-hao/noteflow-docker/NoteFlow/noteflow-backend/src/controller/nodeServices/removeNodeFromLibrary.js","statementMap":{"0":{"start":{"line":4,"column":30},"end":{"line":17,"column":1}},"1":{"start":{"line":5,"column":17},"end":{"line":5,"column":33}},"2":{"start":{"line":7,"column":2},"end":{"line":9,"column":3}},"3":{"start":{"line":8,"column":4},"end":{"line":8,"column":33}},"4":{"start":{"line":11,"column":2},"end":{"line":16,"column":3}},"5":{"start":{"line":12,"column":4},"end":{"line":12,"column":52}},"6":{"start":{"line":13,"column":4},"end":{"line":13,"column":30}},"7":{"start":{"line":15,"column":4},"end":{"line":15,"column":35}}},"fnMap":{"0":{"name":"(anonymous_0)","decl":{"start":{"line":4,"column":30},"end":{"line":4,"column":31}},"loc":{"start":{"line":4,"column":45},"end":{"line":17,"column":1}},"line":4}},"branchMap":{"0":{"loc":{"start":{"line":7,"column":2},"end":{"line":9,"column":3}},"type":"if","locations":[{"start":{"line":7,"column":2},"end":{"line":9,"column":3}},{"start":{"line":7,"column":2},"end":{"line":9,"column":3}}],"line":7}},"s":{"0":0,"1":0,"2":0,"3":0,"4":0,"5":0,"6":0,"7":0},"f":{"0":0},"b":{"0":[0,0]},"all":true},"/home/joung/Desktop/yu-hao/noteflow-docker/NoteFlow/noteflow-backend/src/controller/userServices/checkIfUserExists.js":{"path":"/home/joung/Desktop/yu-hao/noteflow-docker/NoteFlow/noteflow-backend/src/controller/userServices/checkIfUserExists.js","statementMap":{"0":{"start":{"line":4,"column":25},"end":{"line":10,"column":1}},"1":{"start":{"line":5,"column":20},"end":{"line":5,"column":23}},"2":{"start":{"line":7,"column":17},"end":{"line":7,"column":59}},"3":{"start":{"line":8,"column":2},"end":{"line":8,"column":28}},"4":{"start":{"line":9,"column":2},"end":{"line":9,"column":22}}},"fnMap":{"0":{"name":"(anonymous_0)","decl":{"start":{"line":4,"column":25},"end":{"line":4,"column":26}},"loc":{"start":{"line":4,"column":40},"end":{"line":10,"column":1}},"line":4}},"branchMap":{},"s":{"0":0,"1":0,"2":0,"3":0,"4":0},"f":{"0":0},"b":{},"all":true},"/home/joung/Desktop/yu-hao/noteflow-docker/NoteFlow/noteflow-backend/src/controller/userServices/deleteUser.js":{"path":"/home/joung/Desktop/yu-hao/noteflow-docker/NoteFlow/noteflow-backend/src/controller/userServices/deleteUser.js","statementMap":{"0":{"start":{"line":4,"column":19},"end":{"line":9,"column":1}},"1":{"start":{"line":5,"column":20},"end":{"line":5,"column":23}},"2":{"start":{"line":6,"column":2},"end":{"line":6,"column":42}},"3":{"start":{"line":8,"column":2},"end":{"line":8,"column":28}}},"fnMap":{"0":{"name":"(anonymous_0)","decl":{"start":{"line":4,"column":19},"end":{"line":4,"column":20}},"loc":{"start":{"line":4,"column":34},"end":{"line":9,"column":1}},"line":4}},"branchMap":{},"s":{"0":0,"1":0,"2":0,"3":0},"f":{"0":0},"b":{},"all":true},"/home/joung/Desktop/yu-hao/noteflow-docker/NoteFlow/noteflow-backend/src/controller/userServices/forgotPassword.js":{"path":"/home/joung/Desktop/yu-hao/noteflow-docker/NoteFlow/noteflow-backend/src/controller/userServices/forgotPassword.js","statementMap":{"0":{"start":{"line":9,"column":35},"end":{"line":9,"column":46}},"1":{"start":{"line":11,"column":23},"end":{"line":44,"column":1}},"2":{"start":{"line":12,"column":20},"end":{"line":12,"column":36}},"3":{"start":{"line":14,"column":2},"end":{"line":16,"column":3}},"4":{"start":{"line":15,"column":4},"end":{"line":15,"column":73}},"5":{"start":{"line":18,"column":17},"end":{"line":18,"column":59}},"6":{"start":{"line":19,"column":2},"end":{"line":21,"column":3}},"7":{"start":{"line":20,"column":4},"end":{"line":20,"column":60}},"8":{"start":{"line":23,"column":23},"end":{"line":23,"column":49}},"9":{"start":{"line":24,"column":16},"end":{"line":24,"column":68}},"10":{"start":{"line":26,"column":19},"end":{"line":26,"column":78}},"11":{"start":{"line":30,"column":2},"end":{"line":35,"column":5}},"12":{"start":{"line":37,"column":2},"end":{"line":37,"column":67}},"13":{"start":{"line":39,"column":2},"end":{"line":39,"column":28}},"14":{"start":{"line":46,"column":27},"end":{"line":59,"column":1}},"15":{"start":{"line":47,"column":27},"end":{"line":47,"column":43}},"16":{"start":{"line":48,"column":16},"end":{"line":48,"column":64}},"17":{"start":{"line":50,"column":2},"end":{"line":50,"column":54}},"18":{"start":{"line":52,"column":2},"end":{"line":55,"column":4}},"19":{"start":{"line":57,"column":2},"end":{"line":57,"column":27}},"20":{"start":{"line":58,"column":2},"end":{"line":58,"column":28}},"21":{"start":{"line":61,"column":28},"end":{"line":86,"column":1}},"22":{"start":{"line":62,"column":2},"end":{"line":83,"column":3}},"23":{"start":{"line":63,"column":22},"end":{"line":63,"column":33}},"24":{"start":{"line":64,"column":41},"end":{"line":64,"column":57}},"25":{"start":{"line":66,"column":19},"end":{"line":66,"column":61}},"26":{"start":{"line":68,"column":21},"end":{"line":68,"column":70}},"27":{"start":{"line":70,"column":4},"end":{"line":70,"column":72}},"28":{"start":{"line":72,"column":21},"end":{"line":72,"column":51}},"29":{"start":{"line":73,"column":4},"end":{"line":73,"column":60}},"30":{"start":{"line":75,"column":28},"end":{"line":75,"column":44}},"31":{"start":{"line":76,"column":22},"end":{"line":76,"column":33}},"32":{"start":{"line":78,"column":4},"end":{"line":78,"column":77}},"33":{"start":{"line":81,"column":21},"end":{"line":81,"column":51}},"34":{"start":{"line":82,"column":4},"end":{"line":82,"column":60}},"35":{"start":{"line":85,"column":2},"end":{"line":85,"column":28}}},"fnMap":{"0":{"name":"(anonymous_0)","decl":{"start":{"line":11,"column":23},"end":{"line":11,"column":24}},"loc":{"start":{"line":11,"column":38},"end":{"line":44,"column":1}},"line":11},"1":{"name":"(anonymous_1)","decl":{"start":{"line":46,"column":27},"end":{"line":46,"column":28}},"loc":{"start":{"line":46,"column":42},"end":{"line":59,"column":1}},"line":46},"2":{"name":"(anonymous_2)","decl":{"start":{"line":61,"column":28},"end":{"line":61,"column":29}},"loc":{"start":{"line":61,"column":43},"end":{"line":86,"column":1}},"line":61}},"branchMap":{"0":{"loc":{"start":{"line":14,"column":2},"end":{"line":16,"column":3}},"type":"if","locations":[{"start":{"line":14,"column":2},"end":{"line":16,"column":3}},{"start":{"line":14,"column":2},"end":{"line":16,"column":3}}],"line":14},"1":{"loc":{"start":{"line":19,"column":2},"end":{"line":21,"column":3}},"type":"if","locations":[{"start":{"line":19,"column":2},"end":{"line":21,"column":3}},{"start":{"line":19,"column":2},"end":{"line":21,"column":3}}],"line":19},"2":{"loc":{"start":{"line":62,"column":2},"end":{"line":83,"column":3}},"type":"if","locations":[{"start":{"line":62,"column":2},"end":{"line":83,"column":3}},{"start":{"line":62,"column":2},"end":{"line":83,"column":3}}],"line":62}},"s":{"0":0,"1":0,"2":0,"3":0,"4":0,"5":0,"6":0,"7":0,"8":0,"9":0,"10":0,"11":0,"12":0,"13":0,"14":0,"15":0,"16":0,"17":0,"18":0,"19":0,"20":0,"21":0,"22":0,"23":0,"24":0,"25":0,"26":0,"27":0,"28":0,"29":0,"30":0,"31":0,"32":0,"33":0,"34":0,"35":0},"f":{"0":0,"1":0,"2":0},"b":{"0":[0,0],"1":[0,0],"2":[0,0]},"all":true},"/home/joung/Desktop/yu-hao/noteflow-docker/NoteFlow/noteflow-backend/src/controller/userServices/getUserPhoto.js":{"path":"/home/joung/Desktop/yu-hao/noteflow-docker/NoteFlow/noteflow-backend/src/controller/userServices/getUserPhoto.js","statementMap":{"0":{"start":{"line":4,"column":21},"end":{"line":17,"column":1}},"1":{"start":{"line":5,"column":18},"end":{"line":5,"column":27}},"2":{"start":{"line":6,"column":2},"end":{"line":8,"column":3}},"3":{"start":{"line":7,"column":4},"end":{"line":7,"column":30}},"4":{"start":{"line":9,"column":2},"end":{"line":16,"column":3}},"5":{"start":{"line":10,"column":19},"end":{"line":10,"column":61}},"6":{"start":{"line":12,"column":4},"end":{"line":12,"column":30}},"7":{"start":{"line":13,"column":4},"end":{"line":13,"column":30}},"8":{"start":{"line":15,"column":4},"end":{"line":15,"column":35}}},"fnMap":{"0":{"name":"(anonymous_0)","decl":{"start":{"line":4,"column":21},"end":{"line":4,"column":22}},"loc":{"start":{"line":4,"column":36},"end":{"line":17,"column":1}},"line":4}},"branchMap":{"0":{"loc":{"start":{"line":6,"column":2},"end":{"line":8,"column":3}},"type":"if","locations":[{"start":{"line":6,"column":2},"end":{"line":8,"column":3}},{"start":{"line":6,"column":2},"end":{"line":8,"column":3}}],"line":6}},"s":{"0":0,"1":0,"2":0,"3":0,"4":0,"5":0,"6":0,"7":0,"8":0},"f":{"0":0},"b":{"0":[0,0]},"all":true},"/home/joung/Desktop/yu-hao/noteflow-docker/NoteFlow/noteflow-backend/src/controller/userServices/googleLogin.js":{"path":"/home/joung/Desktop/yu-hao/noteflow-docker/NoteFlow/noteflow-backend/src/controller/userServices/googleLogin.js","statementMap":{"0":{"start":{"line":10,"column":20},"end":{"line":51,"column":1}},"1":{"start":{"line":11,"column":19},"end":{"line":11,"column":35}},"2":{"start":{"line":12,"column":2},"end":{"line":17,"column":3}},"3":{"start":{"line":13,"column":4},"end":{"line":16,"column":6}},"4":{"start":{"line":18,"column":23},"end":{"line":18,"column":77}},"5":{"start":{"line":21,"column":2},"end":{"line":36,"column":3}},"6":{"start":{"line":23,"column":4},"end":{"line":23,"column":25}},"7":{"start":{"line":24,"column":4},"end":{"line":24,"column":66}},"8":{"start":{"line":26,"column":4},"end":{"line":34,"column":6}},"9":{"start":{"line":35,"column":4},"end":{"line":35,"column":39}},"10":{"start":{"line":38,"column":2},"end":{"line":38,"column":49}},"11":{"start":{"line":40,"column":2},"end":{"line":45,"column":4}},"12":{"start":{"line":47,"column":2},"end":{"line":47,"column":27}},"13":{"start":{"line":49,"column":2},"end":{"line":49,"column":66}},"14":{"start":{"line":50,"column":2},"end":{"line":50,"column":28}}},"fnMap":{"0":{"name":"(anonymous_0)","decl":{"start":{"line":10,"column":20},"end":{"line":10,"column":21}},"loc":{"start":{"line":10,"column":35},"end":{"line":51,"column":1}},"line":10}},"branchMap":{"0":{"loc":{"start":{"line":12,"column":2},"end":{"line":17,"column":3}},"type":"if","locations":[{"start":{"line":12,"column":2},"end":{"line":17,"column":3}},{"start":{"line":12,"column":2},"end":{"line":17,"column":3}}],"line":12},"1":{"loc":{"start":{"line":21,"column":2},"end":{"line":36,"column":3}},"type":"if","locations":[{"start":{"line":21,"column":2},"end":{"line":36,"column":3}},{"start":{"line":21,"column":2},"end":{"line":36,"column":3}}],"line":21}},"s":{"0":0,"1":0,"2":0,"3":0,"4":0,"5":0,"6":0,"7":0,"8":0,"9":0,"10":0,"11":0,"12":0,"13":0,"14":0},"f":{"0":0},"b":{"0":[0,0],"1":[0,0]},"all":true},"/home/joung/Desktop/yu-hao/noteflow-docker/NoteFlow/noteflow-backend/src/controller/userServices/index.js":{"path":"/home/joung/Desktop/yu-hao/noteflow-docker/NoteFlow/noteflow-backend/src/controller/userServices/index.js","statementMap":{"0":{"start":{"line":16,"column":16},"end":{"line":29,"column":1}}},"fnMap":{},"branchMap":{},"s":{"0":0},"f":{},"b":{},"all":true},"/home/joung/Desktop/yu-hao/noteflow-docker/NoteFlow/noteflow-backend/src/controller/userServices/login.js":{"path":"/home/joung/Desktop/yu-hao/noteflow-docker/NoteFlow/noteflow-backend/src/controller/userServices/login.js","statementMap":{"0":{"start":{"line":7,"column":14},"end":{"line":48,"column":1}},"1":{"start":{"line":8,"column":2},"end":{"line":47,"column":3}},"2":{"start":{"line":9,"column":21},"end":{"line":9,"column":37}},"3":{"start":{"line":11,"column":4},"end":{"line":15,"column":6}},"4":{"start":{"line":17,"column":19},"end":{"line":17,"column":73}},"5":{"start":{"line":18,"column":4},"end":{"line":22,"column":6}},"6":{"start":{"line":24,"column":21},"end":{"line":24,"column":72}},"7":{"start":{"line":26,"column":4},"end":{"line":30,"column":6}},"8":{"start":{"line":32,"column":4},"end":{"line":32,"column":28}},"9":{"start":{"line":34,"column":4},"end":{"line":39,"column":6}},"10":{"start":{"line":40,"column":4},"end":{"line":40,"column":29}},"11":{"start":{"line":42,"column":4},"end":{"line":42,"column":30}},"12":{"start":{"line":43,"column":4},"end":{"line":43,"column":68}},"13":{"start":{"line":45,"column":4},"end":{"line":45,"column":51}},"14":{"start":{"line":46,"column":4},"end":{"line":46,"column":35}}},"fnMap":{"0":{"name":"(anonymous_0)","decl":{"start":{"line":7,"column":14},"end":{"line":7,"column":15}},"loc":{"start":{"line":7,"column":29},"end":{"line":48,"column":1}},"line":7}},"branchMap":{"0":{"loc":{"start":{"line":12,"column":6},"end":{"line":12,"column":53}},"type":"binary-expr","locations":[{"start":{"line":12,"column":6},"end":{"line":12,"column":22}},{"start":{"line":12,"column":26},"end":{"line":12,"column":36}},{"start":{"line":12,"column":40},"end":{"line":12,"column":53}}],"line":12},"1":{"loc":{"start":{"line":45,"column":17},"end":{"line":45,"column":50}},"type":"binary-expr","locations":[{"start":{"line":45,"column":17},"end":{"line":45,"column":27}},{"start":{"line":45,"column":31},"end":{"line":45,"column":50}}],"line":45}},"s":{"0":0,"1":0,"2":0,"3":0,"4":0,"5":0,"6":0,"7":0,"8":0,"9":0,"10":0,"11":0,"12":0,"13":0,"14":0},"f":{"0":0},"b":{"0":[0,0,0],"1":[0,0]},"all":true},"/home/joung/Desktop/yu-hao/noteflow-docker/NoteFlow/noteflow-backend/src/controller/userServices/logout.js":{"path":"/home/joung/Desktop/yu-hao/noteflow-docker/NoteFlow/noteflow-backend/src/controller/userServices/logout.js","statementMap":{"0":{"start":{"line":3,"column":15},"end":{"line":6,"column":1}},"1":{"start":{"line":4,"column":2},"end":{"line":4,"column":21}},"2":{"start":{"line":5,"column":2},"end":{"line":5,"column":28}}},"fnMap":{"0":{"name":"(anonymous_0)","decl":{"start":{"line":3,"column":15},"end":{"line":3,"column":16}},"loc":{"start":{"line":3,"column":30},"end":{"line":6,"column":1}},"line":3}},"branchMap":{},"s":{"0":0,"1":0,"2":0},"f":{"0":0},"b":{},"all":true},"/home/joung/Desktop/yu-hao/noteflow-docker/NoteFlow/noteflow-backend/src/controller/userServices/register.js":{"path":"/home/joung/Desktop/yu-hao/noteflow-docker/NoteFlow/noteflow-backend/src/controller/userServices/register.js","statementMap":{"0":{"start":{"line":10,"column":17},"end":{"line":71,"column":1}},"1":{"start":{"line":11,"column":19},"end":{"line":11,"column":35}},"2":{"start":{"line":13,"column":2},"end":{"line":17,"column":4}},"3":{"start":{"line":20,"column":17},"end":{"line":20,"column":71}},"4":{"start":{"line":21,"column":2},"end":{"line":25,"column":4}},"5":{"start":{"line":27,"column":15},"end":{"line":27,"column":19}},"6":{"start":{"line":28,"column":23},"end":{"line":28,"column":49}},"7":{"start":{"line":29,"column":16},"end":{"line":29,"column":68}},"8":{"start":{"line":30,"column":19},"end":{"line":30,"column":51}},"9":{"start":{"line":33,"column":4},"end":{"line":44,"column":9}},"10":{"start":{"line":43,"column":8},"end":{"line":43,"column":28}},"11":{"start":{"line":57,"column":4},"end":{"line":62,"column":6}},"12":{"start":{"line":63,"column":4},"end":{"line":63,"column":29}},"13":{"start":{"line":65,"column":4},"end":{"line":65,"column":39}},"14":{"start":{"line":67,"column":4},"end":{"line":67,"column":30}}},"fnMap":{"0":{"name":"(anonymous_0)","decl":{"start":{"line":10,"column":17},"end":{"line":10,"column":18}},"loc":{"start":{"line":10,"column":32},"end":{"line":71,"column":1}},"line":10},"1":{"name":"(anonymous_1)","decl":{"start":{"line":42,"column":12},"end":{"line":42,"column":13}},"loc":{"start":{"line":42,"column":22},"end":{"line":44,"column":7}},"line":42}},"branchMap":{"0":{"loc":{"start":{"line":14,"column":4},"end":{"line":14,"column":52}},"type":"binary-expr","locations":[{"start":{"line":14,"column":4},"end":{"line":14,"column":8}},{"start":{"line":14,"column":12},"end":{"line":14,"column":22}},{"start":{"line":14,"column":26},"end":{"line":14,"column":35}},{"start":{"line":14,"column":39},"end":{"line":14,"column":52}}],"line":14}},"s":{"0":0,"1":0,"2":0,"3":0,"4":0,"5":0,"6":0,"7":0,"8":0,"9":0,"10":0,"11":0,"12":0,"13":0,"14":0},"f":{"0":0,"1":0},"b":{"0":[0,0,0,0]},"all":true},"/home/joung/Desktop/yu-hao/noteflow-docker/NoteFlow/noteflow-backend/src/controller/userServices/setUserPhoto.js":{"path":"/home/joung/Desktop/yu-hao/noteflow-docker/NoteFlow/noteflow-backend/src/controller/userServices/setUserPhoto.js","statementMap":{"0":{"start":{"line":7,"column":18},"end":{"line":7,"column":52}},"1":{"start":{"line":9,"column":21},"end":{"line":22,"column":1}},"2":{"start":{"line":10,"column":20},"end":{"line":10,"column":37}},"3":{"start":{"line":11,"column":20},"end":{"line":11,"column":31}},"4":{"start":{"line":13,"column":13},"end":{"line":13,"column":44}},"5":{"start":{"line":14,"column":19},"end":{"line":14,"column":49}},"6":{"start":{"line":16,"column":2},"end":{"line":16,"column":72}},"7":{"start":{"line":18,"column":2},"end":{"line":18,"column":67}},"8":{"start":{"line":20,"column":2},"end":{"line":20,"column":28}},"9":{"start":{"line":21,"column":2},"end":{"line":21,"column":22}}},"fnMap":{"0":{"name":"(anonymous_0)","decl":{"start":{"line":9,"column":21},"end":{"line":9,"column":22}},"loc":{"start":{"line":9,"column":36},"end":{"line":22,"column":1}},"line":9}},"branchMap":{},"s":{"0":0,"1":0,"2":0,"3":0,"4":0,"5":0,"6":0,"7":0,"8":0,"9":0},"f":{"0":0},"b":{},"all":true},"/home/joung/Desktop/yu-hao/noteflow-docker/NoteFlow/noteflow-backend/src/controller/userServices/updateUserInfo.js":{"path":"/home/joung/Desktop/yu-hao/noteflow-docker/NoteFlow/noteflow-backend/src/controller/userServices/updateUserInfo.js","statementMap":{"0":{"start":{"line":8,"column":23},"end":{"line":39,"column":1}},"1":{"start":{"line":9,"column":19},"end":{"line":9,"column":30}},"2":{"start":{"line":10,"column":32},"end":{"line":10,"column":36}},"3":{"start":{"line":11,"column":15},"end":{"line":11,"column":74}},"4":{"start":{"line":13,"column":2},"end":{"line":38,"column":3}},"5":{"start":{"line":14,"column":4},"end":{"line":16,"column":5}},"6":{"start":{"line":15,"column":6},"end":{"line":15,"column":43}},"7":{"start":{"line":18,"column":15},"end":{"line":18,"column":47}},"8":{"start":{"line":20,"column":4},"end":{"line":20,"column":49}},"9":{"start":{"line":22,"column":4},"end":{"line":24,"column":5}},"10":{"start":{"line":23,"column":6},"end":{"line":23,"column":55}},"11":{"start":{"line":26,"column":4},"end":{"line":26,"column":46}},"12":{"start":{"line":28,"column":4},"end":{"line":28,"column":77}},"13":{"start":{"line":30,"column":4},"end":{"line":30,"column":23}},"14":{"start":{"line":31,"column":4},"end":{"line":31,"column":37}},"15":{"start":{"line":32,"column":4},"end":{"line":32,"column":29}},"16":{"start":{"line":34,"column":4},"end":{"line":34,"column":52}},"17":{"start":{"line":35,"column":4},"end":{"line":35,"column":30}},"18":{"start":{"line":37,"column":4},"end":{"line":37,"column":48}}},"fnMap":{"0":{"name":"(anonymous_0)","decl":{"start":{"line":8,"column":23},"end":{"line":8,"column":24}},"loc":{"start":{"line":8,"column":38},"end":{"line":39,"column":1}},"line":8}},"branchMap":{"0":{"loc":{"start":{"line":10,"column":16},"end":{"line":10,"column":27}},"type":"default-arg","locations":[{"start":{"line":10,"column":25},"end":{"line":10,"column":27}}],"line":10},"1":{"loc":{"start":{"line":14,"column":4},"end":{"line":16,"column":5}},"type":"if","locations":[{"start":{"line":14,"column":4},"end":{"line":16,"column":5}},{"start":{"line":14,"column":4},"end":{"line":16,"column":5}}],"line":14},"2":{"loc":{"start":{"line":22,"column":4},"end":{"line":24,"column":5}},"type":"if","locations":[{"start":{"line":22,"column":4},"end":{"line":24,"column":5}},{"start":{"line":22,"column":4},"end":{"line":24,"column":5}}],"line":22}},"s":{"0":0,"1":0,"2":0,"3":0,"4":0,"5":0,"6":0,"7":0,"8":0,"9":0,"10":0,"11":0,"12":0,"13":0,"14":0,"15":0,"16":0,"17":0,"18":0},"f":{"0":0},"b":{"0":[0],"1":[0,0],"2":[0,0]},"all":true},"/home/joung/Desktop/yu-hao/noteflow-docker/NoteFlow/noteflow-backend/src/controller/userServices/verifyToken.js":{"path":"/home/joung/Desktop/yu-hao/noteflow-docker/NoteFlow/noteflow-backend/src/controller/userServices/verifyToken.js","statementMap":{"0":{"start":{"line":6,"column":20},"end":{"line":34,"column":1}},"1":{"start":{"line":7,"column":24},"end":{"line":7,"column":33}},"2":{"start":{"line":8,"column":2},"end":{"line":33,"column":3}},"3":{"start":{"line":9,"column":17},"end":{"line":9,"column":56}},"4":{"start":{"line":11,"column":4},"end":{"line":30,"column":5}},"5":{"start":{"line":12,"column":6},"end":{"line":17,"column":24}},"6":{"start":{"line":19,"column":6},"end":{"line":24,"column":8}},"7":{"start":{"line":25,"column":6},"end":{"line":25,"column":31}},"8":{"start":{"line":27,"column":22},"end":{"line":27,"column":61}},"9":{"start":{"line":28,"column":6},"end":{"line":28,"column":32}},"10":{"start":{"line":29,"column":6},"end":{"line":29,"column":57}},"11":{"start":{"line":32,"column":4},"end":{"line":32,"column":76}}},"fnMap":{"0":{"name":"(anonymous_0)","decl":{"start":{"line":6,"column":20},"end":{"line":6,"column":21}},"loc":{"start":{"line":6,"column":35},"end":{"line":34,"column":1}},"line":6}},"branchMap":{"0":{"loc":{"start":{"line":11,"column":4},"end":{"line":30,"column":5}},"type":"if","locations":[{"start":{"line":11,"column":4},"end":{"line":30,"column":5}},{"start":{"line":11,"column":4},"end":{"line":30,"column":5}}],"line":11}},"s":{"0":0,"1":0,"2":0,"3":0,"4":0,"5":0,"6":0,"7":0,"8":0,"9":0,"10":0,"11":0},"f":{"0":0},"b":{"0":[0,0]},"all":true},"/home/joung/Desktop/yu-hao/noteflow-docker/NoteFlow/noteflow-backend/src/controller/userServices/whoAmI.js":{"path":"/home/joung/Desktop/yu-hao/noteflow-docker/NoteFlow/noteflow-backend/src/controller/userServices/whoAmI.js","statementMap":{"0":{"start":{"line":4,"column":15},"end":{"line":19,"column":1}},"1":{"start":{"line":5,"column":35},"end":{"line":5,"column":46}},"2":{"start":{"line":8,"column":2},"end":{"line":10,"column":3}},"3":{"start":{"line":9,"column":4},"end":{"line":9,"column":75}},"4":{"start":{"line":12,"column":2},"end":{"line":17,"column":5}},"5":{"start":{"line":18,"column":2},"end":{"line":18,"column":28}}},"fnMap":{"0":{"name":"(anonymous_0)","decl":{"start":{"line":4,"column":15},"end":{"line":4,"column":16}},"loc":{"start":{"line":4,"column":30},"end":{"line":19,"column":1}},"line":4}},"branchMap":{"0":{"loc":{"start":{"line":8,"column":2},"end":{"line":10,"column":3}},"type":"if","locations":[{"start":{"line":8,"column":2},"end":{"line":10,"column":3}},{"start":{"line":8,"column":2},"end":{"line":10,"column":3}}],"line":8},"1":{"loc":{"start":{"line":16,"column":13},"end":{"line":16,"column":43}},"type":"cond-expr","locations":[{"start":{"line":16,"column":22},"end":{"line":16,"column":36}},{"start":{"line":16,"column":39},"end":{"line":16,"column":43}}],"line":16}},"s":{"0":0,"1":0,"2":0,"3":0,"4":0,"5":0},"f":{"0":0},"b":{"0":[0,0],"1":[0,0]},"all":true},"/home/joung/Desktop/yu-hao/noteflow-docker/NoteFlow/noteflow-backend/src/lib/db.js":{"path":"/home/joung/Desktop/yu-hao/noteflow-docker/NoteFlow/noteflow-backend/src/lib/db.js","statementMap":{"0":{"start":{"line":8,"column":0},"end":{"line":15,"column":1}},"1":{"start":{"line":12,"column":2},"end":{"line":12,"column":34}},"2":{"start":{"line":14,"column":2},"end":{"line":14,"column":33}}},"fnMap":{},"branchMap":{"0":{"loc":{"start":{"line":8,"column":0},"end":{"line":15,"column":1}},"type":"if","locations":[{"start":{"line":8,"column":0},"end":{"line":15,"column":1}},{"start":{"line":8,"column":0},"end":{"line":15,"column":1}}],"line":8},"1":{"loc":{"start":{"line":9,"column":2},"end":{"line":10,"column":40}},"type":"binary-expr","locations":[{"start":{"line":9,"column":2},"end":{"line":9,"column":34}},{"start":{"line":10,"column":2},"end":{"line":10,"column":40}}],"line":9}},"s":{"0":0,"1":0,"2":0},"f":{},"b":{"0":[0,0],"1":[0,0]},"all":true},"/home/joung/Desktop/yu-hao/noteflow-docker/NoteFlow/noteflow-backend/src/lib/email.js":{"path":"/home/joung/Desktop/yu-hao/noteflow-docker/NoteFlow/noteflow-backend/src/lib/email.js","statementMap":{"0":{"start":{"line":13,"column":4},"end":{"line":13,"column":15}},"1":{"start":{"line":15,"column":21},"end":{"line":19,"column":1}},"2":{"start":{"line":21,"column":0},"end":{"line":23,"column":3}},"3":{"start":{"line":25,"column":20},"end":{"line":32,"column":2}},"4":{"start":{"line":26,"column":2},"end":{"line":31,"column":5}},"5":{"start":{"line":27,"column":4},"end":{"line":29,"column":5}},"6":{"start":{"line":28,"column":6},"end":{"line":28,"column":49}},"7":{"start":{"line":30,"column":4},"end":{"line":30,"column":19}},"8":{"start":{"line":34,"column":26},"end":{"line":67,"column":1}},"9":{"start":{"line":35,"column":23},"end":{"line":39,"column":3}},"10":{"start":{"line":41,"column":2},"end":{"line":43,"column":5}},"11":{"start":{"line":45,"column":22},"end":{"line":52,"column":4}},"12":{"start":{"line":46,"column":4},"end":{"line":51,"column":7}},"13":{"start":{"line":47,"column":6},"end":{"line":49,"column":7}},"14":{"start":{"line":48,"column":8},"end":{"line":48,"column":17}},"15":{"start":{"line":50,"column":6},"end":{"line":50,"column":21}},"16":{"start":{"line":54,"column":22},"end":{"line":64,"column":4}},"17":{"start":{"line":66,"column":2},"end":{"line":66,"column":21}},"18":{"start":{"line":69,"column":18},"end":{"line":72,"column":1}},"19":{"start":{"line":70,"column":25},"end":{"line":70,"column":50}},"20":{"start":{"line":71,"column":2},"end":{"line":71,"column":48}}},"fnMap":{"0":{"name":"(anonymous_0)","decl":{"start":{"line":25,"column":38},"end":{"line":25,"column":39}},"loc":{"start":{"line":25,"column":59},"end":{"line":32,"column":1}},"line":25},"1":{"name":"(anonymous_1)","decl":{"start":{"line":26,"column":30},"end":{"line":26,"column":31}},"loc":{"start":{"line":26,"column":46},"end":{"line":31,"column":3}},"line":26},"2":{"name":"(anonymous_2)","decl":{"start":{"line":34,"column":26},"end":{"line":34,"column":27}},"loc":{"start":{"line":34,"column":38},"end":{"line":67,"column":1}},"line":34},"3":{"name":"(anonymous_3)","decl":{"start":{"line":45,"column":40},"end":{"line":45,"column":41}},"loc":{"start":{"line":45,"column":61},"end":{"line":52,"column":3}},"line":45},"4":{"name":"(anonymous_4)","decl":{"start":{"line":46,"column":32},"end":{"line":46,"column":33}},"loc":{"start":{"line":46,"column":48},"end":{"line":51,"column":5}},"line":46},"5":{"name":"(anonymous_5)","decl":{"start":{"line":69,"column":18},"end":{"line":69,"column":19}},"loc":{"start":{"line":69,"column":42},"end":{"line":72,"column":1}},"line":69}},"branchMap":{"0":{"loc":{"start":{"line":27,"column":4},"end":{"line":29,"column":5}},"type":"if","locations":[{"start":{"line":27,"column":4},"end":{"line":29,"column":5}},{"start":{"line":27,"column":4},"end":{"line":29,"column":5}}],"line":27},"1":{"loc":{"start":{"line":47,"column":6},"end":{"line":49,"column":7}},"type":"if","locations":[{"start":{"line":47,"column":6},"end":{"line":49,"column":7}},{"start":{"line":47,"column":6},"end":{"line":49,"column":7}}],"line":47}},"s":{"0":0,"1":0,"2":0,"3":0,"4":0,"5":0,"6":0,"7":0,"8":0,"9":0,"10":0,"11":0,"12":0,"13":0,"14":0,"15":0,"16":0,"17":0,"18":0,"19":0,"20":0},"f":{"0":0,"1":0,"2":0,"3":0,"4":0,"5":0},"b":{"0":[0,0],"1":[0,0]},"all":true},"/home/joung/Desktop/yu-hao/noteflow-docker/NoteFlow/noteflow-backend/src/lib/errors.js":{"path":"/home/joung/Desktop/yu-hao/noteflow-docker/NoteFlow/noteflow-backend/src/lib/errors.js","statementMap":{"0":{"start":{"line":6,"column":4},"end":{"line":6,"column":19}},"1":{"start":{"line":7,"column":4},"end":{"line":7,"column":27}},"2":{"start":{"line":8,"column":4},"end":{"line":8,"column":26}},"3":{"start":{"line":10,"column":4},"end":{"line":10,"column":38}},"4":{"start":{"line":11,"column":4},"end":{"line":11,"column":52}},"5":{"start":{"line":17,"column":4},"end":{"line":17,"column":19}},"6":{"start":{"line":18,"column":4},"end":{"line":18,"column":27}},"7":{"start":{"line":19,"column":4},"end":{"line":19,"column":26}},"8":{"start":{"line":21,"column":4},"end":{"line":21,"column":38}},"9":{"start":{"line":22,"column":4},"end":{"line":22,"column":52}},"10":{"start":{"line":28,"column":4},"end":{"line":28,"column":19}},"11":{"start":{"line":29,"column":4},"end":{"line":29,"column":27}},"12":{"start":{"line":30,"column":4},"end":{"line":30,"column":26}},"13":{"start":{"line":32,"column":4},"end":{"line":32,"column":38}},"14":{"start":{"line":33,"column":4},"end":{"line":33,"column":52}},"15":{"start":{"line":39,"column":4},"end":{"line":39,"column":19}},"16":{"start":{"line":40,"column":4},"end":{"line":40,"column":27}},"17":{"start":{"line":41,"column":4},"end":{"line":41,"column":26}},"18":{"start":{"line":43,"column":4},"end":{"line":43,"column":38}},"19":{"start":{"line":44,"column":4},"end":{"line":44,"column":52}}},"fnMap":{"0":{"name":"(anonymous_0)","decl":{"start":{"line":5,"column":2},"end":{"line":5,"column":3}},"loc":{"start":{"line":5,"column":48},"end":{"line":12,"column":3}},"line":5},"1":{"name":"(anonymous_1)","decl":{"start":{"line":16,"column":2},"end":{"line":16,"column":3}},"loc":{"start":{"line":16,"column":48},"end":{"line":23,"column":3}},"line":16},"2":{"name":"(anonymous_2)","decl":{"start":{"line":27,"column":2},"end":{"line":27,"column":3}},"loc":{"start":{"line":27,"column":48},"end":{"line":34,"column":3}},"line":27},"3":{"name":"(anonymous_3)","decl":{"start":{"line":38,"column":2},"end":{"line":38,"column":3}},"loc":{"start":{"line":38,"column":48},"end":{"line":45,"column":3}},"line":38}},"branchMap":{"0":{"loc":{"start":{"line":5,"column":14},"end":{"line":5,"column":46}},"type":"default-arg","locations":[{"start":{"line":5,"column":24},"end":{"line":5,"column":46}}],"line":5},"1":{"loc":{"start":{"line":16,"column":14},"end":{"line":16,"column":46}},"type":"default-arg","locations":[{"start":{"line":16,"column":24},"end":{"line":16,"column":46}}],"line":16},"2":{"loc":{"start":{"line":27,"column":14},"end":{"line":27,"column":46}},"type":"default-arg","locations":[{"start":{"line":27,"column":24},"end":{"line":27,"column":46}}],"line":27},"3":{"loc":{"start":{"line":38,"column":14},"end":{"line":38,"column":46}},"type":"default-arg","locations":[{"start":{"line":38,"column":24},"end":{"line":38,"column":46}}],"line":38}},"s":{"0":0,"1":0,"2":0,"3":0,"4":0,"5":0,"6":0,"7":0,"8":0,"9":0,"10":0,"11":0,"12":0,"13":0,"14":0,"15":0,"16":0,"17":0,"18":0,"19":0},"f":{"0":0,"1":0,"2":0,"3":0},"b":{"0":[0],"1":[0],"2":[0],"3":[0]},"all":true},"/home/joung/Desktop/yu-hao/noteflow-docker/NoteFlow/noteflow-backend/src/lib/httpStatus.js":{"path":"/home/joung/Desktop/yu-hao/noteflow-docker/NoteFlow/noteflow-backend/src/lib/httpStatus.js","statementMap":{"0":{"start":{"line":1,"column":13},"end":{"line":8,"column":1}}},"fnMap":{},"branchMap":{},"s":{"0":0},"f":{},"b":{},"all":true},"/home/joung/Desktop/yu-hao/noteflow-docker/NoteFlow/noteflow-backend/src/lib/mail-template.js":{"path":"/home/joung/Desktop/yu-hao/noteflow-docker/NoteFlow/noteflow-backend/src/lib/mail-template.js","statementMap":{"0":{"start":{"line":7,"column":20},"end":{"line":20,"column":1}},"1":{"start":{"line":8,"column":15},"end":{"line":12,"column":15}},"2":{"start":{"line":13,"column":23},"end":{"line":13,"column":45}},"3":{"start":{"line":14,"column":2},"end":{"line":14,"column":67}},"4":{"start":{"line":15,"column":2},"end":{"line":15,"column":46}},"5":{"start":{"line":17,"column":19},"end":{"line":17,"column":53}},"6":{"start":{"line":19,"column":2},"end":{"line":19,"column":18}},"7":{"start":{"line":22,"column":22},"end":{"line":74,"column":3}},"8":{"start":{"line":22,"column":36},"end":{"line":74,"column":3}}},"fnMap":{"0":{"name":"(anonymous_0)","decl":{"start":{"line":7,"column":20},"end":{"line":7,"column":21}},"loc":{"start":{"line":7,"column":41},"end":{"line":20,"column":1}},"line":7},"1":{"name":"(anonymous_1)","decl":{"start":{"line":22,"column":22},"end":{"line":22,"column":23}},"loc":{"start":{"line":22,"column":36},"end":{"line":74,"column":3}},"line":22}},"branchMap":{},"s":{"0":0,"1":0,"2":0,"3":0,"4":0,"5":0,"6":0,"7":0,"8":0},"f":{"0":0,"1":0},"b":{},"all":true},"/home/joung/Desktop/yu-hao/noteflow-docker/NoteFlow/noteflow-backend/src/lib/utils.js":{"path":"/home/joung/Desktop/yu-hao/noteflow-docker/NoteFlow/noteflow-backend/src/lib/utils.js","statementMap":{"0":{"start":{"line":7,"column":2},"end":{"line":18,"column":4}},"1":{"start":{"line":22,"column":2},"end":{"line":22,"column":62}},"2":{"start":{"line":22,"column":27},"end":{"line":22,"column":60}}},"fnMap":{"0":{"name":"generateJWTforUser","decl":{"start":{"line":6,"column":16},"end":{"line":6,"column":34}},"loc":{"start":{"line":6,"column":46},"end":{"line":19,"column":1}},"line":6},"1":{"name":"getSelect","decl":{"start":{"line":21,"column":16},"end":{"line":21,"column":25}},"loc":{"start":{"line":21,"column":49},"end":{"line":23,"column":1}},"line":21},"2":{"name":"(anonymous_2)","decl":{"start":{"line":22,"column":20},"end":{"line":22,"column":21}},"loc":{"start":{"line":22,"column":27},"end":{"line":22,"column":60}},"line":22}},"branchMap":{"0":{"loc":{"start":{"line":6,"column":35},"end":{"line":6,"column":44}},"type":"default-arg","locations":[{"start":{"line":6,"column":42},"end":{"line":6,"column":44}}],"line":6}},"s":{"0":0,"1":0,"2":0},"f":{"0":0,"1":0,"2":0},"b":{"0":[0]},"all":true},"/home/joung/Desktop/yu-hao/noteflow-docker/NoteFlow/noteflow-backend/src/middleware/error-middleware.js":{"path":"/home/joung/Desktop/yu-hao/noteflow-docker/NoteFlow/noteflow-backend/src/middleware/error-middleware.js","statementMap":{"0":{"start":{"line":4,"column":2},"end":{"line":63,"column":3}},"1":{"start":{"line":5,"column":4},"end":{"line":5,"column":17}},"2":{"start":{"line":6,"column":4},"end":{"line":6,"column":78}},"3":{"start":{"line":8,"column":4},"end":{"line":8,"column":34}},"4":{"start":{"line":11,"column":6},"end":{"line":16,"column":9}},"5":{"start":{"line":18,"column":4},"end":{"line":20,"column":5}},"6":{"start":{"line":19,"column":6},"end":{"line":19,"column":41}},"7":{"start":{"line":22,"column":4},"end":{"line":22,"column":23}},"8":{"start":{"line":24,"column":4},"end":{"line":62,"column":5}},"9":{"start":{"line":31,"column":19},"end":{"line":31,"column":28}},"10":{"start":{"line":33,"column":8},"end":{"line":40,"column":9}},"11":{"start":{"line":35,"column":22},"end":{"line":35,"column":50}},"12":{"start":{"line":36,"column":10},"end":{"line":39,"column":11}},"13":{"start":{"line":37,"column":12},"end":{"line":37,"column":70}},"14":{"start":{"line":38,"column":12},"end":{"line":38,"column":63}},"15":{"start":{"line":42,"column":8},"end":{"line":42,"column":46}},"16":{"start":{"line":43,"column":8},"end":{"line":43,"column":14}},"17":{"start":{"line":48,"column":19},"end":{"line":48,"column":28}},"18":{"start":{"line":49,"column":22},"end":{"line":49,"column":50}},"19":{"start":{"line":50,"column":8},"end":{"line":52,"column":9}},"20":{"start":{"line":51,"column":10},"end":{"line":51,"column":47}},"21":{"start":{"line":54,"column":8},"end":{"line":54,"column":59}},"22":{"start":{"line":55,"column":8},"end":{"line":55,"column":46}},"23":{"start":{"line":56,"column":8},"end":{"line":56,"column":14}},"24":{"start":{"line":60,"column":8},"end":{"line":60,"column":46}},"25":{"start":{"line":61,"column":8},"end":{"line":61,"column":14}}},"fnMap":{"0":{"name":"(anonymous_0)","decl":{"start":{"line":3,"column":15},"end":{"line":3,"column":16}},"loc":{"start":{"line":3,"column":36},"end":{"line":64,"column":1}},"line":3}},"branchMap":{"0":{"loc":{"start":{"line":6,"column":15},"end":{"line":6,"column":71}},"type":"binary-expr","locations":[{"start":{"line":6,"column":15},"end":{"line":6,"column":32}},{"start":{"line":6,"column":36},"end":{"line":6,"column":71}}],"line":6},"1":{"loc":{"start":{"line":11,"column":6},"end":{"line":16,"column":9}},"type":"binary-expr","locations":[{"start":{"line":11,"column":6},"end":{"line":11,"column":16}},{"start":{"line":12,"column":6},"end":{"line":12,"column":20}},{"start":{"line":13,"column":6},"end":{"line":13,"column":21}},{"start":{"line":14,"column":7},"end":{"line":14,"column":17}},{"start":{"line":14,"column":21},"end":{"line":14,"column":42}},{"start":{"line":15,"column":7},"end":{"line":15,"column":21}},{"start":{"line":15,"column":25},"end":{"line":15,"column":50}},{"start":{"line":16,"column":6},"end":{"line":16,"column":9}}],"line":11},"2":{"loc":{"start":{"line":18,"column":4},"end":{"line":20,"column":5}},"type":"if","locations":[{"start":{"line":18,"column":4},"end":{"line":20,"column":5}},{"start":{"line":18,"column":4},"end":{"line":20,"column":5}}],"line":18},"3":{"loc":{"start":{"line":24,"column":4},"end":{"line":62,"column":5}},"type":"switch","locations":[{"start":{"line":30,"column":6},"end":{"line":44,"column":7}},{"start":{"line":46,"column":6},"end":{"line":57,"column":7}},{"start":{"line":59,"column":6},"end":{"line":61,"column":14}}],"line":24},"4":{"loc":{"start":{"line":33,"column":8},"end":{"line":40,"column":9}},"type":"if","locations":[{"start":{"line":33,"column":8},"end":{"line":40,"column":9}},{"start":{"line":33,"column":8},"end":{"line":40,"column":9}}],"line":33},"5":{"loc":{"start":{"line":36,"column":10},"end":{"line":39,"column":11}},"type":"if","locations":[{"start":{"line":36,"column":10},"end":{"line":39,"column":11}},{"start":{"line":36,"column":10},"end":{"line":39,"column":11}}],"line":36},"6":{"loc":{"start":{"line":50,"column":8},"end":{"line":52,"column":9}},"type":"if","locations":[{"start":{"line":50,"column":8},"end":{"line":52,"column":9}},{"start":{"line":50,"column":8},"end":{"line":52,"column":9}}],"line":50}},"s":{"0":0,"1":0,"2":0,"3":0,"4":0,"5":0,"6":0,"7":0,"8":0,"9":0,"10":0,"11":0,"12":0,"13":0,"14":0,"15":0,"16":0,"17":0,"18":0,"19":0,"20":0,"21":0,"22":0,"23":0,"24":0,"25":0},"f":{"0":0},"b":{"0":[0,0],"1":[0,0,0,0,0,0,0,0],"2":[0,0],"3":[0,0,0],"4":[0,0],"5":[0,0],"6":[0,0]},"all":true},"/home/joung/Desktop/yu-hao/noteflow-docker/NoteFlow/noteflow-backend/src/middleware/flow-auth-middleware.js":{"path":"/home/joung/Desktop/yu-hao/noteflow-docker/NoteFlow/noteflow-backend/src/middleware/flow-auth-middleware.js","statementMap":{"0":{"start":{"line":3,"column":19},"end":{"line":23,"column":1}},"1":{"start":{"line":4,"column":15},"end":{"line":4,"column":24}},"2":{"start":{"line":5,"column":2},"end":{"line":7,"column":3}},"3":{"start":{"line":6,"column":4},"end":{"line":6,"column":29}},"4":{"start":{"line":9,"column":15},"end":{"line":9,"column":44}},"5":{"start":{"line":12,"column":2},"end":{"line":17,"column":3}},"6":{"start":{"line":13,"column":4},"end":{"line":13,"column":65}},"7":{"start":{"line":16,"column":4},"end":{"line":16,"column":64}},"8":{"start":{"line":19,"column":2},"end":{"line":19,"column":71}},"9":{"start":{"line":21,"column":2},"end":{"line":21,"column":22}},"10":{"start":{"line":22,"column":2},"end":{"line":22,"column":16}}},"fnMap":{"0":{"name":"(anonymous_0)","decl":{"start":{"line":3,"column":19},"end":{"line":3,"column":20}},"loc":{"start":{"line":3,"column":40},"end":{"line":23,"column":1}},"line":3}},"branchMap":{"0":{"loc":{"start":{"line":5,"column":2},"end":{"line":7,"column":3}},"type":"if","locations":[{"start":{"line":5,"column":2},"end":{"line":7,"column":3}},{"start":{"line":5,"column":2},"end":{"line":7,"column":3}}],"line":5},"1":{"loc":{"start":{"line":12,"column":2},"end":{"line":17,"column":3}},"type":"if","locations":[{"start":{"line":12,"column":2},"end":{"line":17,"column":3}},{"start":{"line":12,"column":2},"end":{"line":17,"column":3}}],"line":12}},"s":{"0":0,"1":0,"2":0,"3":0,"4":0,"5":0,"6":0,"7":0,"8":0,"9":0,"10":0},"f":{"0":0},"b":{"0":[0,0],"1":[0,0]},"all":true},"/home/joung/Desktop/yu-hao/noteflow-docker/NoteFlow/noteflow-backend/src/middleware/logined-middleware.js":{"path":"/home/joung/Desktop/yu-hao/noteflow-docker/NoteFlow/noteflow-backend/src/middleware/logined-middleware.js","statementMap":{"0":{"start":{"line":3,"column":16},"end":{"line":6,"column":1}},"1":{"start":{"line":4,"column":2},"end":{"line":4,"column":20}},"2":{"start":{"line":5,"column":2},"end":{"line":5,"column":16}}},"fnMap":{"0":{"name":"(anonymous_0)","decl":{"start":{"line":3,"column":16},"end":{"line":3,"column":17}},"loc":{"start":{"line":3,"column":37},"end":{"line":6,"column":1}},"line":3}},"branchMap":{},"s":{"0":0,"1":0,"2":0},"f":{"0":0},"b":{},"all":true},"/home/joung/Desktop/yu-hao/noteflow-docker/NoteFlow/noteflow-backend/src/middleware/user-middleware.js":{"path":"/home/joung/Desktop/yu-hao/noteflow-docker/NoteFlow/noteflow-backend/src/middleware/user-middleware.js","statementMap":{"0":{"start":{"line":5,"column":2},"end":{"line":10,"column":3}},"1":{"start":{"line":7,"column":4},"end":{"line":9,"column":43}},"2":{"start":{"line":12,"column":2},"end":{"line":12,"column":16}}},"fnMap":{"0":{"name":"(anonymous_0)","decl":{"start":{"line":4,"column":15},"end":{"line":4,"column":16}},"loc":{"start":{"line":4,"column":36},"end":{"line":13,"column":1}},"line":4}},"branchMap":{"0":{"loc":{"start":{"line":5,"column":2},"end":{"line":10,"column":3}},"type":"if","locations":[{"start":{"line":5,"column":2},"end":{"line":10,"column":3}},{"start":{"line":5,"column":2},"end":{"line":10,"column":3}}],"line":5}},"s":{"0":0,"1":0,"2":0},"f":{"0":0},"b":{"0":[0,0]},"all":true},"/home/joung/Desktop/yu-hao/noteflow-docker/NoteFlow/noteflow-backend/src/model/mongodb/model/index.js":{"path":"/home/joung/Desktop/yu-hao/noteflow-docker/NoteFlow/noteflow-backend/src/model/mongodb/model/index.js","statementMap":{"0":{"start":{"line":10,"column":25},"end":{"line":15,"column":1}},"1":{"start":{"line":11,"column":2},"end":{"line":11,"column":45}},"2":{"start":{"line":12,"column":2},"end":{"line":12,"column":47}},"3":{"start":{"line":13,"column":2},"end":{"line":13,"column":41}},"4":{"start":{"line":14,"column":2},"end":{"line":14,"column":47}}},"fnMap":{"0":{"name":"(anonymous_0)","decl":{"start":{"line":10,"column":25},"end":{"line":10,"column":26}},"loc":{"start":{"line":10,"column":46},"end":{"line":15,"column":1}},"line":10}},"branchMap":{},"s":{"0":0,"1":0,"2":0,"3":0,"4":0},"f":{"0":0},"b":{},"all":true},"/home/joung/Desktop/yu-hao/noteflow-docker/NoteFlow/noteflow-backend/src/model/mongodb/model/object/Edge.js":{"path":"/home/joung/Desktop/yu-hao/noteflow-docker/NoteFlow/noteflow-backend/src/model/mongodb/model/object/Edge.js","statementMap":{"0":{"start":{"line":3,"column":4},"end":{"line":6,"column":7}},"1":{"start":{"line":7,"column":4},"end":{"line":7,"column":21}},"2":{"start":{"line":8,"column":4},"end":{"line":8,"column":25}},"3":{"start":{"line":9,"column":4},"end":{"line":9,"column":37}},"4":{"start":{"line":10,"column":4},"end":{"line":10,"column":25}},"5":{"start":{"line":11,"column":4},"end":{"line":11,"column":37}},"6":{"start":{"line":12,"column":4},"end":{"line":12,"column":23}},"7":{"start":{"line":16,"column":4},"end":{"line":18,"column":5}},"8":{"start":{"line":17,"column":6},"end":{"line":17,"column":19}},"9":{"start":{"line":19,"column":4},"end":{"line":19,"column":34}},"10":{"start":{"line":20,"column":4},"end":{"line":20,"column":16}}},"fnMap":{"0":{"name":"(anonymous_0)","decl":{"start":{"line":2,"column":2},"end":{"line":2,"column":3}},"loc":{"start":{"line":2,"column":75},"end":{"line":13,"column":3}},"line":2},"1":{"name":"(anonymous_1)","decl":{"start":{"line":15,"column":2},"end":{"line":15,"column":3}},"loc":{"start":{"line":15,"column":29},"end":{"line":21,"column":3}},"line":15}},"branchMap":{"0":{"loc":{"start":{"line":16,"column":4},"end":{"line":18,"column":5}},"type":"if","locations":[{"start":{"line":16,"column":4},"end":{"line":18,"column":5}},{"start":{"line":16,"column":4},"end":{"line":18,"column":5}}],"line":16},"1":{"loc":{"start":{"line":16,"column":8},"end":{"line":16,"column":51}},"type":"binary-expr","locations":[{"start":{"line":16,"column":8},"end":{"line":16,"column":35}},{"start":{"line":16,"column":39},"end":{"line":16,"column":51}}],"line":16}},"s":{"0":0,"1":0,"2":0,"3":0,"4":0,"5":0,"6":0,"7":0,"8":0,"9":0,"10":0},"f":{"0":0,"1":0},"b":{"0":[0,0],"1":[0,0]},"all":true},"/home/joung/Desktop/yu-hao/noteflow-docker/NoteFlow/noteflow-backend/src/model/mongodb/model/object/Flow.js":{"path":"/home/joung/Desktop/yu-hao/noteflow-docker/NoteFlow/noteflow-backend/src/model/mongodb/model/object/Flow.js","statementMap":{"0":{"start":{"line":22,"column":4},"end":{"line":22,"column":21}},"1":{"start":{"line":23,"column":4},"end":{"line":25,"column":5}},"2":{"start":{"line":24,"column":6},"end":{"line":24,"column":22}},"3":{"start":{"line":26,"column":4},"end":{"line":26,"column":25}},"4":{"start":{"line":27,"column":4},"end":{"line":27,"column":31}},"5":{"start":{"line":28,"column":4},"end":{"line":28,"column":23}},"6":{"start":{"line":29,"column":4},"end":{"line":29,"column":23}},"7":{"start":{"line":30,"column":4},"end":{"line":30,"column":23}},"8":{"start":{"line":31,"column":4},"end":{"line":33,"column":21}},"9":{"start":{"line":35,"column":4},"end":{"line":37,"column":5}},"10":{"start":{"line":36,"column":6},"end":{"line":36,"column":29}},"11":{"start":{"line":43,"column":24},"end":{"line":43,"column":40}},"12":{"start":{"line":45,"column":21},"end":{"line":45,"column":47}},"13":{"start":{"line":46,"column":23},"end":{"line":46,"column":51}},"14":{"start":{"line":48,"column":4},"end":{"line":61,"column":6}},"15":{"start":{"line":63,"column":21},"end":{"line":63,"column":45}},"16":{"start":{"line":64,"column":4},"end":{"line":64,"column":62}},"17":{"start":{"line":65,"column":4},"end":{"line":65,"column":32}},"18":{"start":{"line":69,"column":23},"end":{"line":69,"column":40}},"19":{"start":{"line":70,"column":16},"end":{"line":70,"column":55}},"20":{"start":{"line":71,"column":4},"end":{"line":76,"column":7}},"21":{"start":{"line":72,"column":6},"end":{"line":72,"column":25}},"22":{"start":{"line":72,"column":15},"end":{"line":72,"column":25}},"23":{"start":{"line":73,"column":6},"end":{"line":75,"column":7}},"24":{"start":{"line":74,"column":8},"end":{"line":74,"column":80}},"25":{"start":{"line":80,"column":24},"end":{"line":80,"column":40}},"26":{"start":{"line":82,"column":21},"end":{"line":82,"column":47}},"27":{"start":{"line":83,"column":23},"end":{"line":83,"column":51}},"28":{"start":{"line":84,"column":21},"end":{"line":91,"column":16}},"29":{"start":{"line":93,"column":4},"end":{"line":95,"column":14}},"30":{"start":{"line":99,"column":24},"end":{"line":99,"column":40}},"31":{"start":{"line":101,"column":19},"end":{"line":101,"column":24}},"32":{"start":{"line":103,"column":4},"end":{"line":116,"column":5}},"33":{"start":{"line":104,"column":6},"end":{"line":104,"column":44}},"34":{"start":{"line":106,"column":23},"end":{"line":106,"column":49}},"35":{"start":{"line":107,"column":25},"end":{"line":107,"column":53}},"36":{"start":{"line":109,"column":21},"end":{"line":112,"column":8}},"37":{"start":{"line":113,"column":6},"end":{"line":115,"column":7}},"38":{"start":{"line":114,"column":8},"end":{"line":114,"column":24}},"39":{"start":{"line":118,"column":4},"end":{"line":118,"column":19}},"40":{"start":{"line":122,"column":24},"end":{"line":122,"column":40}},"41":{"start":{"line":124,"column":21},"end":{"line":124,"column":47}},"42":{"start":{"line":125,"column":23},"end":{"line":125,"column":51}},"43":{"start":{"line":127,"column":18},"end":{"line":127,"column":38}},"44":{"start":{"line":128,"column":4},"end":{"line":138,"column":5}},"45":{"start":{"line":129,"column":6},"end":{"line":137,"column":8}},"46":{"start":{"line":140,"column":4},"end":{"line":148,"column":6}}},"fnMap":{"0":{"name":"(anonymous_0)","decl":{"start":{"line":12,"column":2},"end":{"line":12,"column":3}},"loc":{"start":{"line":20,"column":4},"end":{"line":38,"column":3}},"line":20},"1":{"name":"(anonymous_1)","decl":{"start":{"line":42,"column":2},"end":{"line":42,"column":3}},"loc":{"start":{"line":42,"column":17},"end":{"line":66,"column":3}},"line":42},"2":{"name":"(anonymous_2)","decl":{"start":{"line":68,"column":2},"end":{"line":68,"column":3}},"loc":{"start":{"line":68,"column":25},"end":{"line":77,"column":3}},"line":68},"3":{"name":"(anonymous_3)","decl":{"start":{"line":71,"column":14},"end":{"line":71,"column":15}},"loc":{"start":{"line":71,"column":23},"end":{"line":76,"column":5}},"line":71},"4":{"name":"(anonymous_4)","decl":{"start":{"line":79,"column":2},"end":{"line":79,"column":3}},"loc":{"start":{"line":79,"column":50},"end":{"line":96,"column":3}},"line":79},"5":{"name":"(anonymous_5)","decl":{"start":{"line":98,"column":2},"end":{"line":98,"column":3}},"loc":{"start":{"line":98,"column":37},"end":{"line":119,"column":3}},"line":98},"6":{"name":"(anonymous_6)","decl":{"start":{"line":121,"column":2},"end":{"line":121,"column":3}},"loc":{"start":{"line":121,"column":60},"end":{"line":149,"column":3}},"line":121}},"branchMap":{"0":{"loc":{"start":{"line":16,"column":4},"end":{"line":16,"column":23}},"type":"default-arg","locations":[{"star
[...]
mn":15}},"loc":{"start":{"line":14,"column":10},"end":{"line":14,"column":75}},"line":14},"1":{"name":"(anonymous_1)","decl":{"start":{"line":16,"column":17},"end":{"line":16,"column":18}},"loc":{"start":{"line":16,"column":34},"end":{"line":20,"column":7}},"line":16},"2":{"name":"(anonymous_2)","decl":{"start":{"line":21,"column":15},"end":{"line":21,"column":16}},"loc":{"start":{"line":21,"column":21},"end":{"line":21,"column":45}},"line":21},"3":{"name":"(anonymous_3)","decl":{"start":{"line":29,"column":14},"end":{"line":29,"column":15}},"loc":{"start":{"line":30,"column":10},"end":{"line":30,"column":75}},"line":30},"4":{"name":"(anonymous_4)","decl":{"start":{"line":32,"column":17},"end":{"line":32,"column":18}},"loc":{"start":{"line":32,"column":34},"end":{"line":36,"column":7}},"line":32},"5":{"name":"(anonymous_5)","decl":{"start":{"line":37,"column":15},"end":{"line":37,"column":16}},"loc":{"start":{"line":37,"column":21},"end":{"line":37,"column":45}},"line":37}},"branchMap":{"0":{"loc":{"start":{"line":14,"column":10},"end":{"line":14,"column":75}},"type":"cond-expr","locations":[{"start":{"line":14,"column":18},"end":{"line":14,"column":68}},{"start":{"line":14,"column":71},"end":{"line":14,"column":75}}],"line":14},"1":{"loc":{"start":{"line":17,"column":15},"end":{"line":19,"column":17}},"type":"cond-expr","locations":[{"start":{"line":18,"column":12},"end":{"line":18,"column":41}},{"start":{"line":19,"column":12},"end":{"line":19,"column":17}}],"line":17},"2":{"loc":{"start":{"line":17,"column":15},"end":{"line":17,"column":51}},"type":"binary-expr","locations":[{"start":{"line":17,"column":15},"end":{"line":17,"column":33}},{"start":{"line":17,"column":37},"end":{"line":17,"column":51}}],"line":17},"3":{"loc":{"start":{"line":30,"column":10},"end":{"line":30,"column":75}},"type":"cond-expr","locations":[{"start":{"line":30,"column":18},"end":{"line":30,"column":68}},{"start":{"line":30,"column":71},"end":{"line":30,"column":75}}],"line":30},"4":{"loc":{"start":{"line":33,"column":15},"end":{"line":35,"column":17}},"type":"cond-expr","locations":[{"start":{"line":34,"column":12},"end":{"line":34,"column":41}},{"start":{"line":35,"column":12},"end":{"line":35,"column":17}}],"line":33},"5":{"loc":{"start":{"line":33,"column":15},"end":{"line":33,"column":51}},"type":"binary-expr","locations":[{"start":{"line":33,"column":15},"end":{"line":33,"column":33}},{"start":{"line":33,"column":37},"end":{"line":33,"column":51}}],"line":33}},"s":{"0":0,"1":0,"2":0,"3":0,"4":0,"5":0,"6":0},"f":{"0":0,"1":0,"2":0,"3":0,"4":0,"5":0},"b":{"0":[0,0],"1":[0,0],"2":[0,0],"3":[0,0],"4":[0,0],"5":[0,0]},"all":true},"/home/joung/Desktop/yu-hao/noteflow-docker/NoteFlow/noteflow-backend/src/model/postgres/schemas/tokenSchema.js":{"path":"/home/joung/Desktop/yu-hao/noteflow-docker/NoteFlow/noteflow-backend/src/model/postgres/schemas/tokenSchema.js","statementMap":{"0":{"start":{"line":3,"column":14},"end":{"line":6,"column":2}}},"fnMap":{},"branchMap":{},"s":{"0":0},"f":{},"b":{},"all":true},"/home/joung/Desktop/yu-hao/noteflow-docker/NoteFlow/noteflow-backend/src/model/postgres/schemas/userSchema.js":{"path":"/home/joung/Desktop/yu-hao/noteflow-docker/NoteFlow/noteflow-backend/src/model/postgres/schemas/userSchema.js","statementMap":{"0":{"start":{"line":3,"column":19},"end":{"line":6,"column":2}}},"fnMap":{},"branchMap":{},"s":{"0":0},"f":{},"b":{},"all":true},"/home/joung/Desktop/yu-hao/noteflow-docker/NoteFlow/noteflow-backend/src/model/postgres/seeds/user-seed.js":{"path":"/home/joung/Desktop/yu-hao/noteflow-docker/NoteFlow/noteflow-backend/src/model/postgres/seeds/user-seed.js","statementMap":{"0":{"start":{"line":6,"column":20},"end":{"line":34,"column":1}},"1":{"start":{"line":6,"column":32},"end":{"line":34,"column":1}},"2":{"start":{"line":37,"column":16},"end":{"line":37,"column":35}},"3":{"start":{"line":39,"column":2},"end":{"line":48,"column":6}},"4":{"start":{"line":39,"column":27},"end":{"line":48,"column":3}},"5":{"start":{"line":52,"column":16},"end":{"line":52,"column":35}},"6":{"start":{"line":53,"column":2},"end":{"line":62,"column":3}},"7":{"start":{"line":54,"column":4},"end":{"line":59,"column":13}},"8":{"start":{"line":57,"column":25},"end":{"line":57,"column":56}},"9":{"start":{"line":61,"column":4},"end":{"line":61,"column":30}},"10":{"start":{"line":64,"column":2},"end":{"line":64,"column":48}}},"fnMap":{"0":{"name":"(anonymous_0)","decl":{"start":{"line":6,"column":20},"end":{"line":6,"column":21}},"loc":{"start":{"line":6,"column":32},"end":{"line":34,"column":1}},"line":6},"1":{"name":"getUsers","decl":{"start":{"line":36,"column":22},"end":{"line":36,"column":30}},"loc":{"start":{"line":36,"column":33},"end":{"line":49,"column":1}},"line":36},"2":{"name":"(anonymous_2)","decl":{"start":{"line":39,"column":19},"end":{"line":39,"column":20}},"loc":{"start":{"line":39,"column":27},"end":{"line":48,"column":3}},"line":39},"3":{"name":"seed","decl":{"start":{"line":51,"column":22},"end":{"line":51,"column":26}},"loc":{"start":{"line":51,"column":33},"end":{"line":65,"column":1}},"line":51},"4":{"name":"(anonymous_4)","decl":{"start":{"line":57,"column":18},"end":{"line":57,"column":19}},"loc":{"start":{"line":57,"column":25},"end":{"line":57,"column":56}},"line":57}},"branchMap":{"0":{"loc":{"start":{"line":42,"column":11},"end":{"line":42,"column":42}},"type":"binary-expr","locations":[{"start":{"line":42,"column":11},"end":{"line":42,"column":18}},{"start":{"line":42,"column":22},"end":{"line":42,"column":42}}],"line":42},"1":{"loc":{"start":{"line":53,"column":2},"end":{"line":62,"column":3}},"type":"if","locations":[{"start":{"line":53,"column":2},"end":{"line":62,"column":3}},{"start":{"line":53,"column":2},"end":{"line":62,"column":3}}],"line":53},"2":{"loc":{"start":{"line":57,"column":25},"end":{"line":57,"column":56}},"type":"binary-expr","locations":[{"start":{"line":57,"column":25},"end":{"line":57,"column":32}},{"start":{"line":57,"column":36},"end":{"line":57,"column":56}}],"line":57}},"s":{"0":0,"1":0,"2":0,"3":0,"4":0,"5":0,"6":0,"7":0,"8":0,"9":0,"10":0},"f":{"0":0,"1":0,"2":0,"3":0,"4":0},"b":{"0":[0,0],"1":[0,0],"2":[0,0]},"all":true},"/home/joung/Desktop/yu-hao/noteflow-docker/NoteFlow/noteflow-backend/src/model/redis/redisClient.js":{"path":"/home/joung/Desktop/yu-hao/noteflow-docker/NoteFlow/noteflow-backend/src/model/redis/redisClient.js","statementMap":{"0":{"start":{"line":3,"column":35},"end":{"line":3,"column":46}},"1":{"start":{"line":6,"column":20},"end":{"line":9,"column":2}},"2":{"start":{"line":11,"column":23},"end":{"line":15,"column":4}},"3":{"start":{"line":12,"column":2},"end":{"line":15,"column":4}}},"fnMap":{"0":{"name":"(anonymous_0)","decl":{"start":{"line":11,"column":23},"end":{"line":11,"column":24}},"loc":{"start":{"line":12,"column":2},"end":{"line":15,"column":4}},"line":12}},"branchMap":{},"s":{"0":0,"1":0,"2":0,"3":0},"f":{"0":0},"b":{},"all":true},"/home/joung/Desktop/yu-hao/noteflow-docker/NoteFlow/noteflow-backend/src/model/redis/redisObserver.js":{"path":"/home/joung/Desktop/yu-hao/noteflow-docker/NoteFlow/noteflow-backend/src/model/redis/redisObserver.js","statementMap":{"0":{"start":{"line":3,"column":35},"end":{"line":3,"column":46}},"1":{"start":{"line":6,"column":22},"end":{"line":9,"column":2}}},"fnMap":{},"branchMap":{},"s":{"0":0,"1":0},"f":{},"b":{},"all":true},"/home/joung/Desktop/yu-hao/noteflow-docker/NoteFlow/noteflow-backend/src/model/redis/redisSession.js":{"path":"/home/joung/Desktop/yu-hao/noteflow-docker/NoteFlow/noteflow-backend/src/model/redis/redisSession.js","statementMap":{"0":{"start":{"line":5,"column":21},"end":{"line":25,"column":1}},"1":{"start":{"line":7,"column":2},"end":{"line":7,"column":35}},"2":{"start":{"line":9,"column":25},"end":{"line":22,"column":3}},"3":{"start":{"line":24,"column":2},"end":{"line":24,"column":38}},"4":{"start":{"line":28,"column":18},"end":{"line":28,"column":20}},"5":{"start":{"line":29,"column":2},"end":{"line":31,"column":3}},"6":{"start":{"line":30,"column":4},"end":{"line":30,"column":19}},"7":{"start":{"line":32,"column":22},"end":{"line":32,"column":45}},"8":{"start":{"line":33,"column":2},"end":{"line":39,"column":3}},"9":{"start":{"line":33,"column":15},"end":{"line":33,"column":16}},"10":{"start":{"line":34,"column":19},"end":{"line":34,"column":33}},"11":{"start":{"line":35,"column":27},"end":{"line":35,"column":46}},"12":{"start":{"line":36,"column":16},"end":{"line":36,"column":58}},"13":{"start":{"line":37,"column":18},"end":{"line":37,"column":61}},"14":{"start":{"line":38,"column":4},"end":{"line":38,"column":45}},"15":{"start":{"line":40,"column":2},"end":{"line":40,"column":17}},"16":{"start":{"line":44,"column":18},"end":{"line":44,"column":44}},"17":{"start":{"line":45,"column":14},"end":{"line":45,"column":33}},"18":{"start":{"line":46,"column":17},"end":{"line":46,"column":43}},"19":{"start":{"line":48,"column":2},"end":{"line":50,"column":3}},"20":{"start":{"line":49,"column":4},"end":{"line":49,"column":16}},"21":{"start":{"line":51,"column":2},"end":{"line":51,"column":28}}},"fnMap":{"0":{"name":"(anonymous_0)","decl":{"start":{"line":5,"column":21},"end":{"line":5,"column":22}},"loc":{"start":{"line":5,"column":30},"end":{"line":25,"column":1}},"line":5},"1":{"name":"parseCookies","decl":{"start":{"line":27,"column":9},"end":{"line":27,"column":21}},"loc":{"start":{"line":27,"column":36},"end":{"line":41,"column":1}},"line":27},"2":{"name":"getSession","decl":{"start":{"line":43,"column":15},"end":{"line":43,"column":25}},"loc":{"start":{"line":43,"column":40},"end":{"line":52,"column":1}},"line":43}},"branchMap":{"0":{"loc":{"start":{"line":29,"column":2},"end":{"line":31,"column":3}},"type":"if","locations":[{"start":{"line":29,"column":2},"end":{"line":31,"column":3}},{"start":{"line":29,"column":2},"end":{"line":31,"column":3}}],"line":29},"1":{"loc":{"start":{"line":48,"column":2},"end":{"line":50,"column":3}},"type":"if","locations":[{"start":{"line":48,"column":2},"end":{"line":50,"column":3}},{"start":{"line":48,"column":2},"end":{"line":50,"column":3}}],"line":48},"2":{"loc":{"start":{"line":48,"column":6},"end":{"line":48,"column":44}},"type":"binary-expr","locations":[{"start":{"line":48,"column":6},"end":{"line":48,"column":13}},{"start":{"line":48,"column":17},"end":{"line":48,"column":44}}],"line":48}},"s":{"0":0,"1":0,"2":0,"3":0,"4":0,"5":0,"6":0,"7":0,"8":0,"9":0,"10":0,"11":0,"12":0,"13":0,"14":0,"15":0,"16":0,"17":0,"18":0,"19":0,"20":0,"21":0},"f":{"0":0,"1":0,"2":0},"b":{"0":[0,0],"1":[0,0],"2":[0,0]},"all":true},"/home/joung/Desktop/yu-hao/noteflow-docker/NoteFlow/noteflow-backend/src/routes/index.js":{"path":"/home/joung/Desktop/yu-hao/noteflow-docker/NoteFlow/noteflow-backend/src/routes/index.js","statementMap":{"0":{"start":{"line":5,"column":15},"end":{"line":5,"column":27}},"1":{"start":{"line":7,"column":0},"end":{"line":7,"column":36}},"2":{"start":{"line":8,"column":0},"end":{"line":8,"column":26}}},"fnMap":{},"branchMap":{},"s":{"0":0,"1":0,"2":0},"f":{},"b":{},"all":true},"/home/joung/Desktop/yu-hao/noteflow-docker/NoteFlow/noteflow-backend/src/routes/swagger-routes.js":{"path":"/home/joung/Desktop/yu-hao/noteflow-docker/NoteFlow/noteflow-backend/src/routes/swagger-routes.js","statementMap":{"0":{"start":{"line":7,"column":13},"end":{"line":7,"column":61}},"1":{"start":{"line":9,"column":15},"end":{"line":9,"column":27}},"2":{"start":{"line":11,"column":0},"end":{"line":18,"column":2}}},"fnMap":{},"branchMap":{},"s":{"0":0,"1":0,"2":0},"f":{},"b":{},"all":true},"/home/joung/Desktop/yu-hao/noteflow-docker/NoteFlow/noteflow-backend/src/routes/user-routes.js":{"path":"/home/joung/Desktop/yu-hao/noteflow-docker/NoteFlow/noteflow-backend/src/routes/user-routes.js","statementMap":{"0":{"start":{"line":9,"column":15},"end":{"line":9,"column":23}},"1":{"start":{"line":11,"column":15},"end":{"line":11,"column":27}},"2":{"start":{"line":12,"column":0},"end":{"line":61,"column":68}},"3":{"start":{"line":14,"column":4},"end":{"line":14,"column":29}},"4":{"start":{"line":15,"column":4},"end":{"line":15,"column":29}},"5":{"start":{"line":17,"column":4},"end":{"line":17,"column":30}},"6":{"start":{"line":18,"column":4},"end":{"line":18,"column":21}},"7":{"start":{"line":21,"column":4},"end":{"line":21,"column":33}},"8":{"start":{"line":22,"column":4},"end":{"line":22,"column":21}}},"fnMap":{"0":{"name":"(anonymous_0)","decl":{"start":{"line":13,"column":23},"end":{"line":13,"column":24}},"loc":{"start":{"line":13,"column":38},"end":{"line":19,"column":3}},"line":13},"1":{"name":"(anonymous_1)","decl":{"start":{"line":20,"column":23},"end":{"line":20,"column":24}},"loc":{"start":{"line":20,"column":38},"end":{"line":23,"column":3}},"line":20}},"branchMap":{},"s":{"0":0,"1":0,"2":0,"3":0,"4":0,"5":0,"6":0,"7":0,"8":0},"f":{"0":0,"1":0},"b":{},"all":true},"/home/joung/Desktop/yu-hao/noteflow-docker/NoteFlow/noteflow-backend/src/routes/ws-router.js":{"path":"/home/joung/Desktop/yu-hao/noteflow-docker/NoteFlow/noteflow-backend/src/routes/ws-router.js","statementMap":{"0":{"start":{"line":7,"column":4},"end":{"line":7,"column":20}},"1":{"start":{"line":11,"column":17},"end":{"line":52,"column":5}},"2":{"start":{"line":12,"column":19},"end":{"line":12,"column":55}},"3":{"start":{"line":13,"column":6},"end":{"line":16,"column":7}},"4":{"start":{"line":14,"column":8},"end":{"line":14,"column":23}},"5":{"start":{"line":15,"column":8},"end":{"line":15,"column":15}},"6":{"start":{"line":18,"column":24},"end":{"line":18,"column":28}},"7":{"start":{"line":20,"column":18},"end":{"line":20,"column":36}},"8":{"start":{"line":21,"column":21},"end":{"line":21,"column":48}},"9":{"start":{"line":22,"column":20},"end":{"line":22,"column":37}},"10":{"start":{"line":26,"column":6},"end":{"line":26,"column":23}},"11":{"start":{"line":27,"column":6},"end":{"line":27,"column":25}},"12":{"start":{"line":29,"column":6},"end":{"line":38,"column":7}},"13":{"start":{"line":31,"column":10},"end":{"line":31,"column":22}},"14":{"start":{"line":32,"column":10},"end":{"line":32,"column":16}},"15":{"start":{"line":34,"column":10},"end":{"line":34,"column":22}},"16":{"start":{"line":35,"column":10},"end":{"line":35,"column":16}},"17":{"start":{"line":37,"column":10},"end":{"line":37,"column":16}},"18":{"start":{"line":40,"column":6},"end":{"line":40,"column":24}},"19":{"start":{"line":40,"column":17},"end":{"line":40,"column":24}},"20":{"start":{"line":41,"column":18},"end":{"line":45,"column":7}},"21":{"start":{"line":46,"column":6},"end":{"line":49,"column":7}},"22":{"start":{"line":47,"column":8},"end":{"line":47,"column":23}},"23":{"start":{"line":48,"column":8},"end":{"line":48,"column":15}},"24":{"start":{"line":51,"column":6},"end":{"line":51,"column":19}},"25":{"start":{"line":54,"column":4},"end":{"line":57,"column":7}},"26":{"start":{"line":58,"column":4},"end":{"line":58,"column":16}},"27":{"start":{"line":62,"column":17},"end":{"line":64,"column":5}},"28":{"start":{"line":63,"column":6},"end":{"line":63,"column":19}},"29":{"start":{"line":66,"column":4},"end":{"line":69,"column":7}},"30":{"start":{"line":70,"column":4},"end":{"line":70,"column":16}},"31":{"start":{"line":74,"column":20},"end":{"line":77,"column":58}},"32":{"start":{"line":77,"column":31},"end":{"line":77,"column":57}},"33":{"start":{"line":78,"column":16},"end":{"line":78,"column":39}},"34":{"start":{"line":79,"column":4},"end":{"line":83,"column":5}},"35":{"start":{"line":79,"column":17},"end":{"line":79,"column":18}},"36":{"start":{"line":80,"column":6},"end":{"line":82,"column":7}},"37":{"start":{"line":81,"column":8},"end":{"line":81,"column":36}}},"fnMap":{"0":{"name":"(anonymous_0)","decl":{"start":{"line":6,"column":2},"end":{"line":6,"column":3}},"loc":{"start":{"line":6,"column":16},"end":{"line":8,"column":3}},"line":6},"1":{"name":"(anonymous_1)","decl":{"start":{"line":10,"column":2},"end":{"line":10,"column":3}},"loc":{"start":{"line":10,"column":26},"end":{"line":59,"column":3}},"line":10},"2":{"name":"(anonymous_2)","decl":{"start":{"line":11,"column":17},"end":{"line":11,"column":18}},"loc":{"start":{"line":11,"column":36},"end":{"line":52,"column":5}},"line":11},"3":{"name":"(anonymous_3)","decl":{"start":{"line":61,"column":2},"end":{"line":61,"column":3}},"loc":{"start":{"line":61,"column":29},"end":{"line":71,"column":3}},"line":61},"4":{"name":"(anonymous_4)","decl":{"start":{"line":62,"column":17},"end":{"line":62,"column":18}},"loc":{"start":{"line":62,"column":25},"end":{"line":64,"column":5}},"line":62},"5":{"name":"(anonymous_5)","decl":{"start":{"line":73,"column":2},"end":{"line":73,"column":3}},"loc":{"start":{"line":73,"column":17},"end":{"line":84,"column":3}},"line":73},"6":{"name":"(anonymous_6)","decl":{"start":{"line":77,"column":14},"end":{"line":77,"column":15}},"loc":{"start":{"line":77,"column":31},"end":{"line":77,"column":57}},"line":77}},"branchMap":{"0":{"loc":{"start":{"line":13,"column":6},"end":{"line":16,"column":7}},"type":"if","locations":[{"start":{"line":13,"column":6},"end":{"line":16,"column":7}},{"start":{"line":13,"column":6},"end":{"line":16,"column":7}}],"line":13},"1":{"loc":{"start":{"line":29,"column":6},"end":{"line":38,"column":7}},"type":"switch","locations":[{"start":{"line":30,"column":8},"end":{"line":32,"column":16}},{"start":{"line":33,"column":8},"end":{"line":35,"column":16}},{"start":{"line":36,"column":8},"end":{"line":37,"column":16}}],"line":29},"2":{"loc":{"start":{"line":40,"column":6},"end":{"line":40,"column":24}},"type":"if","locations":[{"start":{"line":40,"column":6},"end":{"line":40,"column":24}},{"start":{"line":40,"column":6},"end":{"line":40,"column":24}}],"line":40},"3":{"loc":{"start":{"line":46,"column":6},"end":{"line":49,"column":7}},"type":"if","locations":[{"start":{"line":46,"column":6},"end":{"line":49,"column":7}},{"start":{"line":46,"column":6},"end":{"line":49,"column":7}}],"line":46},"4":{"loc":{"start":{"line":77,"column":31},"end":{"line":77,"column":57}},"type":"binary-expr","locations":[{"start":{"line":77,"column":31},"end":{"line":77,"column":42}},{"start":{"line":77,"column":46},"end":{"line":77,"column":57}}],"line":77},"5":{"loc":{"start":{"line":80,"column":6},"end":{"line":82,"column":7}},"type":"if","locations":[{"start":{"line":80,"column":6},"end":{"line":82,"column":7}},{"start":{"line":80,"column":6},"end":{"line":82,"column":7}}],"line":80}},"s":{"0":0,"1":0,"2":0,"3":0,"4":0,"5":0,"6":0,"7":0,"8":0,"9":0,"10":0,"11":0,"12":0,"13":0,"14":0,"15":0,"16":0,"17":0,"18":0,"19":0,"20":0,"21":0,"22":0,"23":0,"24":0,"25":0,"26":0,"27":0,"28":0,"29":0,"30":0,"31":0,"32":0,"33":0,"34":0,"35":0,"36":0,"37":0},"f":{"0":0,"1":0,"2":0,"3":0,"4":0,"5":0,"6":0},"b":{"0":[0,0],"1":[0,0,0],"2":[0,0],"3":[0,0],"4":[0,0],"5":[0,0]},"all":true},"/home/joung/Desktop/yu-hao/noteflow-docker/NoteFlow/noteflow-backend/src/storage/s3.js":{"path":"/home/joung/Desktop/yu-hao/noteflow-docker/NoteFlow/noteflow-backend/src/storage/s3.js","statementMap":{"0":{"start":{"line":5,"column":29},"end":{"line":5,"column":40}},"1":{"start":{"line":7,"column":0},"end":{"line":15,"column":3}},"2":{"start":{"line":17,"column":11},"end":{"line":17,"column":23}},"3":{"start":{"line":19,"column":0},"end":{"line":25,"column":3}},"4":{"start":{"line":20,"column":2},"end":{"line":24,"column":3}},"5":{"start":{"line":21,"column":4},"end":{"line":21,"column":31}},"6":{"start":{"line":23,"column":4},"end":{"line":23,"column":46}}},"fnMap":{"0":{"name":"(anonymous_0)","decl":{"start":{"line":19,"column":15},"end":{"line":19,"column":16}},"loc":{"start":{"line":19,"column":30},"end":{"line":25,"column":1}},"line":19}},"branchMap":{"0":{"loc":{"start":{"line":20,"column":2},"end":{"line":24,"column":3}},"type":"if","locations":[{"start":{"line":20,"column":2},"end":{"line":24,"column":3}},{"start":{"line":20,"column":2},"end":{"line":24,"column":3}}],"line":20}},"s":{"0":0,"1":0,"2":0,"3":0,"4":0,"5":0,"6":0},"f":{"0":0},"b":{"0":[0,0]},"all":true}}